25-Apr-2023 10:15:52.384 INFORMACIÓN [main] org.apache.catalina.core.ApplicationContext.log ContextListener: contextInitialized()
25-Apr-2023 10:15:52.384 INFORMACIÓN [main] org.apache.catalina.core.ApplicationContext.log SessionListener: contextInitialized()
25-Apr-2023 10:15:52.385 INFORMACIÓN [main] org.apache.catalina.core.ApplicationContext.log ContextListener: attributeAdded('StockTicker', 'async.Stockticker@cf65451')
25-Apr-2023 10:20:57.320 INFORMACIÓN [main] org.apache.catalina.core.ApplicationContext.log SessionListener: contextDestroyed()
25-Apr-2023 10:20:57.320 INFORMACIÓN [main] org.apache.catalina.core.ApplicationContext.log ContextListener: contextDestroyed()
25-Apr-2023 10:23:30.659 INFORMACIÓN [main] org.apache.catalina.core.ApplicationContext.log ContextListener: contextInitialized()
25-Apr-2023 10:23:30.659 INFORMACIÓN [main] org.apache.catalina.core.ApplicationContext.log SessionListener: contextInitialized()
25-Apr-2023 10:23:30.660 INFORMACIÓN [main] org.apache.catalina.core.ApplicationContext.log ContextListener: attributeAdded('StockTicker', 'async.Stockticker@59f3426f')
25-Apr-2023 10:29:17.855 INFORMACIÓN [main] org.apache.catalina.core.ApplicationContext.log SessionListener: contextDestroyed()
25-Apr-2023 10:29:17.855 INFORMACIÓN [main] org.apache.catalina.core.ApplicationContext.log ContextListener: contextDestroyed()
25-Apr-2023 10:31:41.173 INFORMACIÓN [main] org.apache.catalina.core.ApplicationContext.log ContextListener: contextInitialized()
25-Apr-2023 10:31:41.173 INFORMACIÓN [main] org.apache.catalina.core.ApplicationContext.log SessionListener: contextInitialized()
25-Apr-2023 10:31:41.174 INFORMACIÓN [main] org.apache.catalina.core.ApplicationContext.log ContextListener: attributeAdded('StockTicker', 'async.Stockticker@67ceeffd')
25-Apr-2023 10:36:18.047 INFORMACIÓN [main] org.apache.catalina.core.ApplicationContext.log SessionListener: contextDestroyed()
25-Apr-2023 10:36:18.047 INFORMACIÓN [main] org.apache.catalina.core.ApplicationContext.log ContextListener: contextDestroyed()
25-Apr-2023 10:37:03.925 INFORMACIÓN [main] org.apache.catalina.core.ApplicationContext.log ContextListener: contextInitialized()
25-Apr-2023 10:37:03.925 INFORMACIÓN [main] org.apache.catalina.core.ApplicationContext.log SessionListener: contextInitialized()
25-Apr-2023 10:37:03.926 INFORMACIÓN [main] org.apache.catalina.core.ApplicationContext.log ContextListener: attributeAdded('StockTicker', 'async.Stockticker@191e654')
25-Apr-2023 10:39:30.659 INFORMACIÓN [main] org.apache.catalina.core.ApplicationContext.log SessionListener: contextDestroyed()
25-Apr-2023 10:39:30.659 INFORMACIÓN [main] org.apache.catalina.core.ApplicationContext.log ContextListener: contextDestroyed()
25-Apr-2023 10:43:18.947 INFORMACIÓN [main] org.apache.catalina.core.ApplicationContext.log ContextListener: contextInitialized()
25-Apr-2023 10:43:18.947 INFORMACIÓN [main] org.apache.catalina.core.ApplicationContext.log SessionListener: contextInitialized()
25-Apr-2023 10:43:18.949 INFORMACIÓN [main] org.apache.catalina.core.ApplicationContext.log ContextListener: attributeAdded('StockTicker', 'async.Stockticker@46894dc5')
25-Apr-2023 10:44:42.671 INFORMACIÓN [main] org.apache.catalina.core.ApplicationContext.log SessionListener: contextDestroyed()
25-Apr-2023 10:44:42.671 INFORMACIÓN [main] org.apache.catalina.core.ApplicationContext.log ContextListener: contextDestroyed()
25-Apr-2023 10:48:19.242 INFORMACIÓN [main] org.apache.catalina.core.ApplicationContext.log ContextListener: contextInitialized()
25-Apr-2023 10:48:19.242 INFORMACIÓN [main] org.apache.catalina.core.ApplicationContext.log SessionListener: contextInitialized()
25-Apr-2023 10:48:19.243 INFORMACIÓN [main] org.apache.catalina.core.ApplicationContext.log ContextListener: attributeAdded('StockTicker', 'async.Stockticker@1242d96b')
25-Apr-2023 10:58:21.626 INFORMACIÓN [main] org.apache.catalina.core.ApplicationContext.log SessionListener: contextDestroyed()
25-Apr-2023 10:58:21.626 INFORMACIÓN [main] org.apache.catalina.core.ApplicationContext.log ContextListener: contextDestroyed()
25-Apr-2023 10:58:44.383 GRAVE [main] org.apache.catalina.core.ApplicationContext.log Servlet.init() para servlet [Jersey REST Service] lanzó excepción
	java.lang.UnsupportedClassVersionError: services/Servidor has been compiled by a more recent version of the Java Runtime (class file version 55.0), this version of the Java Runtime only recognizes class file versions up to 52.0 (no puedo cargar clase [services.Servidor])
		at org.apache.catalina.loader.WebappClassLoaderBase.findClassInternal(WebappClassLoaderBase.java:2475)
		at org.apache.catalina.loader.WebappClassLoaderBase.findClass(WebappClassLoaderBase.java:875)
		at org.apache.catalina.loader.WebappClassLoaderBase.loadClass(WebappClassLoaderBase.java:1376)
		at org.apache.catalina.loader.WebappClassLoaderBase.loadClass(WebappClassLoaderBase.java:1220)
		at java.lang.Class.forName0(Native Method)
		at java.lang.Class.forName(Class.java:348)
		at org.glassfish.jersey.internal.util.ReflectionHelper$7.run(ReflectionHelper.java:381)
		at org.glassfish.jersey.internal.util.ReflectionHelper$7.run(ReflectionHelper.java:376)
		at java.security.AccessController.doPrivileged(Native Method)
		at org.glassfish.jersey.server.internal.scanning.AnnotationAcceptingListener$AnnotatedClassVisitor.getClassForName(AnnotationAcceptingListener.java:292)
		at org.glassfish.jersey.server.internal.scanning.AnnotationAcceptingListener$AnnotatedClassVisitor.visitEnd(AnnotationAcceptingListener.java:209)
		at jersey.repackaged.org.objectweb.asm.ClassReader.accept(ClassReader.java:748)
		at jersey.repackaged.org.objectweb.asm.ClassReader.accept(ClassReader.java:424)
		at org.glassfish.jersey.server.internal.scanning.AnnotationAcceptingListener$ClassReaderWrapper.accept(AnnotationAcceptingListener.java:329)
		at org.glassfish.jersey.server.internal.scanning.AnnotationAcceptingListener$ClassReaderWrapper.access$200(AnnotationAcceptingListener.java:310)
		at org.glassfish.jersey.server.internal.scanning.AnnotationAcceptingListener.process(AnnotationAcceptingListener.java:151)
		at org.glassfish.jersey.server.ResourceConfig.scanClasses(ResourceConfig.java:920)
		at org.glassfish.jersey.server.ResourceConfig._getClasses(ResourceConfig.java:864)
		at org.glassfish.jersey.server.ResourceConfig.getClasses(ResourceConfig.java:773)
		at org.glassfish.jersey.server.ResourceConfig$RuntimeConfig.<init>(ResourceConfig.java:1216)
		at org.glassfish.jersey.server.ResourceConfig$RuntimeConfig.<init>(ResourceConfig.java:1187)
		at org.glassfish.jersey.server.ResourceConfig.createRuntimeConfig(ResourceConfig.java:1183)
		at org.glassfish.jersey.server.ApplicationHandler$RuntimeConfigConfigurator.init(ApplicationHandler.java:184)
		at org.glassfish.jersey.server.ApplicationHandler.lambda$initialize$0(ApplicationHandler.java:294)
		at java.util.Arrays$ArrayList.forEach(Arrays.java:3880)
		at org.glassfish.jersey.server.ApplicationHandler.initialize(ApplicationHandler.java:294)
		at org.glassfish.jersey.server.ApplicationHandler.<init>(ApplicationHandler.java:261)
		at org.glassfish.jersey.servlet.WebComponent.<init>(WebComponent.java:311)
		at org.glassfish.jersey.servlet.ServletContainer.init(ServletContainer.java:154)
		at org.glassfish.jersey.servlet.ServletContainer.init(ServletContainer.java:339)
		at javax.servlet.GenericServlet.init(GenericServlet.java:158)
		at org.apache.catalina.core.StandardWrapper.initServlet(StandardWrapper.java:1106)
		at org.apache.catalina.core.StandardWrapper.loadServlet(StandardWrapper.java:1063)
		at org.apache.catalina.core.StandardWrapper.load(StandardWrapper.java:960)
		at org.apache.catalina.core.StandardContext.loadOnStartup(StandardContext.java:4672)
		at org.apache.catalina.core.StandardContext.startInternal(StandardContext.java:4973)
		at org.apache.catalina.util.LifecycleBase.start(LifecycleBase.java:183)
		at org.apache.catalina.core.ContainerBase.addChildInternal(ContainerBase.java:683)
		at org.apache.catalina.core.ContainerBase.addChild(ContainerBase.java:658)
		at org.apache.catalina.core.StandardHost.addChild(StandardHost.java:662)
		at org.apache.catalina.startup.HostConfig.deployWAR(HostConfig.java:1023)
		at org.apache.catalina.startup.HostConfig$DeployWar.run(HostConfig.java:1910)
		at java.util.concurrent.Executors$RunnableAdapter.call(Executors.java:511)
		at java.util.concurrent.FutureTask.run(FutureTask.java:266)
		at org.apache.tomcat.util.threads.InlineExecutorService.execute(InlineExecutorService.java:75)
		at java.util.concurrent.AbstractExecutorService.submit(AbstractExecutorService.java:112)
		at org.apache.catalina.startup.HostConfig.deployWARs(HostConfig.java:824)
		at org.apache.catalina.startup.HostConfig.deployApps(HostConfig.java:474)
		at org.apache.catalina.startup.HostConfig.start(HostConfig.java:1617)
		at org.apache.catalina.startup.HostConfig.lifecycleEvent(HostConfig.java:318)
		at org.apache.catalina.util.LifecycleBase.fireLifecycleEvent(LifecycleBase.java:123)
		at org.apache.catalina.util.LifecycleBase.setStateInternal(LifecycleBase.java:423)
		at org.apache.catalina.util.LifecycleBase.setState(LifecycleBase.java:366)
		at org.apache.catalina.core.ContainerBase.startInternal(ContainerBase.java:898)
		at org.apache.catalina.core.StandardHost.startInternal(StandardHost.java:795)
		at org.apache.catalina.util.LifecycleBase.start(LifecycleBase.java:183)
		at org.apache.catalina.core.ContainerBase$StartChild.call(ContainerBase.java:1332)
		at org.apache.catalina.core.ContainerBase$StartChild.call(ContainerBase.java:1322)
		at java.util.concurrent.FutureTask.run(FutureTask.java:266)
		at org.apache.tomcat.util.threads.InlineExecutorService.execute(InlineExecutorService.java:75)
		at java.util.concurrent.AbstractExecutorService.submit(AbstractExecutorService.java:134)
		at org.apache.catalina.core.ContainerBase.startInternal(ContainerBase.java:871)
		at org.apache.catalina.core.StandardEngine.startInternal(StandardEngine.java:249)
		at org.apache.catalina.util.LifecycleBase.start(LifecycleBase.java:183)
		at org.apache.catalina.core.StandardService.startInternal(StandardService.java:428)
		at org.apache.catalina.util.LifecycleBase.start(LifecycleBase.java:183)
		at org.apache.catalina.core.StandardServer.startInternal(StandardServer.java:916)
		at org.apache.catalina.util.LifecycleBase.start(LifecycleBase.java:183)
		at org.apache.catalina.startup.Catalina.start(Catalina.java:772)
		at sun.reflect.NativeMethodAccessorImpl.invoke0(Native Method)
		at sun.reflect.NativeMethodAccessorImpl.invoke(NativeMethodAccessorImpl.java:62)
		at sun.reflect.DelegatingMethodAccessorImpl.invoke(DelegatingMethodAccessorImpl.java:43)
		at java.lang.reflect.Method.invoke(Method.java:498)
		at org.apache.catalina.startup.Bootstrap.start(Bootstrap.java:347)
		at org.apache.catalina.startup.Bootstrap.main(Bootstrap.java:478)
25-Apr-2023 10:58:44.384 GRAVE [main] org.apache.catalina.core.StandardContext.loadOnStartup Servlet [Jersey REST Service] in web application [/practicaObligatoria] threw load() exception
	java.lang.UnsupportedClassVersionError: services/Servidor has been compiled by a more recent version of the Java Runtime (class file version 55.0), this version of the Java Runtime only recognizes class file versions up to 52.0 (no puedo cargar clase [services.Servidor])
		at org.apache.catalina.loader.WebappClassLoaderBase.findClassInternal(WebappClassLoaderBase.java:2475)
		at org.apache.catalina.loader.WebappClassLoaderBase.findClass(WebappClassLoaderBase.java:875)
		at org.apache.catalina.loader.WebappClassLoaderBase.loadClass(WebappClassLoaderBase.java:1376)
		at org.apache.catalina.loader.WebappClassLoaderBase.loadClass(WebappClassLoaderBase.java:1220)
		at java.lang.Class.forName0(Native Method)
		at java.lang.Class.forName(Class.java:348)
		at org.glassfish.jersey.internal.util.ReflectionHelper$7.run(ReflectionHelper.java:381)
		at org.glassfish.jersey.internal.util.ReflectionHelper$7.run(ReflectionHelper.java:376)
		at java.security.AccessController.doPrivileged(Native Method)
		at org.glassfish.jersey.server.internal.scanning.AnnotationAcceptingListener$AnnotatedClassVisitor.getClassForName(AnnotationAcceptingListener.java:292)
		at org.glassfish.jersey.server.internal.scanning.AnnotationAcceptingListener$AnnotatedClassVisitor.visitEnd(AnnotationAcceptingListener.java:209)
		at jersey.repackaged.org.objectweb.asm.ClassReader.accept(ClassReader.java:748)
		at jersey.repackaged.org.objectweb.asm.ClassReader.accept(ClassReader.java:424)
		at org.glassfish.jersey.server.internal.scanning.AnnotationAcceptingListener$ClassReaderWrapper.accept(AnnotationAcceptingListener.java:329)
		at org.glassfish.jersey.server.internal.scanning.AnnotationAcceptingListener$ClassReaderWrapper.access$200(AnnotationAcceptingListener.java:310)
		at org.glassfish.jersey.server.internal.scanning.AnnotationAcceptingListener.process(AnnotationAcceptingListener.java:151)
		at org.glassfish.jersey.server.ResourceConfig.scanClasses(ResourceConfig.java:920)
		at org.glassfish.jersey.server.ResourceConfig._getClasses(ResourceConfig.java:864)
		at org.glassfish.jersey.server.ResourceConfig.getClasses(ResourceConfig.java:773)
		at org.glassfish.jersey.server.ResourceConfig$RuntimeConfig.<init>(ResourceConfig.java:1216)
		at org.glassfish.jersey.server.ResourceConfig$RuntimeConfig.<init>(ResourceConfig.java:1187)
		at org.glassfish.jersey.server.ResourceConfig.createRuntimeConfig(ResourceConfig.java:1183)
		at org.glassfish.jersey.server.ApplicationHandler$RuntimeConfigConfigurator.init(ApplicationHandler.java:184)
		at org.glassfish.jersey.server.ApplicationHandler.lambda$initialize$0(ApplicationHandler.java:294)
		at java.util.Arrays$ArrayList.forEach(Arrays.java:3880)
		at org.glassfish.jersey.server.ApplicationHandler.initialize(ApplicationHandler.java:294)
		at org.glassfish.jersey.server.ApplicationHandler.<init>(ApplicationHandler.java:261)
		at org.glassfish.jersey.servlet.WebComponent.<init>(WebComponent.java:311)
		at org.glassfish.jersey.servlet.ServletContainer.init(ServletContainer.java:154)
		at org.glassfish.jersey.servlet.ServletContainer.init(ServletContainer.java:339)
		at javax.servlet.GenericServlet.init(GenericServlet.java:158)
		at org.apache.catalina.core.StandardWrapper.initServlet(StandardWrapper.java:1106)
		at org.apache.catalina.core.StandardWrapper.loadServlet(StandardWrapper.java:1063)
		at org.apache.catalina.core.StandardWrapper.load(StandardWrapper.java:960)
		at org.apache.catalina.core.StandardContext.loadOnStartup(StandardContext.java:4672)
		at org.apache.catalina.core.StandardContext.startInternal(StandardContext.java:4973)
		at org.apache.catalina.util.LifecycleBase.start(LifecycleBase.java:183)
		at org.apache.catalina.core.ContainerBase.addChildInternal(ContainerBase.java:683)
		at org.apache.catalina.core.ContainerBase.addChild(ContainerBase.java:658)
		at org.apache.catalina.core.StandardHost.addChild(StandardHost.java:662)
		at org.apache.catalina.startup.HostConfig.deployWAR(HostConfig.java:1023)
		at org.apache.catalina.startup.HostConfig$DeployWar.run(HostConfig.java:1910)
		at java.util.concurrent.Executors$RunnableAdapter.call(Executors.java:511)
		at java.util.concurrent.FutureTask.run(FutureTask.java:266)
		at org.apache.tomcat.util.threads.InlineExecutorService.execute(InlineExecutorService.java:75)
		at java.util.concurrent.AbstractExecutorService.submit(AbstractExecutorService.java:112)
		at org.apache.catalina.startup.HostConfig.deployWARs(HostConfig.java:824)
		at org.apache.catalina.startup.HostConfig.deployApps(HostConfig.java:474)
		at org.apache.catalina.startup.HostConfig.start(HostConfig.java:1617)
		at org.apache.catalina.startup.HostConfig.lifecycleEvent(HostConfig.java:318)
		at org.apache.catalina.util.LifecycleBase.fireLifecycleEvent(LifecycleBase.java:123)
		at org.apache.catalina.util.LifecycleBase.setStateInternal(LifecycleBase.java:423)
		at org.apache.catalina.util.LifecycleBase.setState(LifecycleBase.java:366)
		at org.apache.catalina.core.ContainerBase.startInternal(ContainerBase.java:898)
		at org.apache.catalina.core.StandardHost.startInternal(StandardHost.java:795)
		at org.apache.catalina.util.LifecycleBase.start(LifecycleBase.java:183)
		at org.apache.catalina.core.ContainerBase$StartChild.call(ContainerBase.java:1332)
		at org.apache.catalina.core.ContainerBase$StartChild.call(ContainerBase.java:1322)
		at java.util.concurrent.FutureTask.run(FutureTask.java:266)
		at org.apache.tomcat.util.threads.InlineExecutorService.execute(InlineExecutorService.java:75)
		at java.util.concurrent.AbstractExecutorService.submit(AbstractExecutorService.java:134)
		at org.apache.catalina.core.ContainerBase.startInternal(ContainerBase.java:871)
		at org.apache.catalina.core.StandardEngine.startInternal(StandardEngine.java:249)
		at org.apache.catalina.util.LifecycleBase.start(LifecycleBase.java:183)
		at org.apache.catalina.core.StandardService.startInternal(StandardService.java:428)
		at org.apache.catalina.util.LifecycleBase.start(LifecycleBase.java:183)
		at org.apache.catalina.core.StandardServer.startInternal(StandardServer.java:916)
		at org.apache.catalina.util.LifecycleBase.start(LifecycleBase.java:183)
		at org.apache.catalina.startup.Catalina.start(Catalina.java:772)
		at sun.reflect.NativeMethodAccessorImpl.invoke0(Native Method)
		at sun.reflect.NativeMethodAccessorImpl.invoke(NativeMethodAccessorImpl.java:62)
		at sun.reflect.DelegatingMethodAccessorImpl.invoke(DelegatingMethodAccessorImpl.java:43)
		at java.lang.reflect.Method.invoke(Method.java:498)
		at org.apache.catalina.startup.Bootstrap.start(Bootstrap.java:347)
		at org.apache.catalina.startup.Bootstrap.main(Bootstrap.java:478)
25-Apr-2023 10:58:44.573 INFORMACIÓN [main] org.apache.catalina.core.ApplicationContext.log ContextListener: contextInitialized()
25-Apr-2023 10:58:44.573 INFORMACIÓN [main] org.apache.catalina.core.ApplicationContext.log SessionListener: contextInitialized()
25-Apr-2023 10:58:44.574 INFORMACIÓN [main] org.apache.catalina.core.ApplicationContext.log ContextListener: attributeAdded('StockTicker', 'async.Stockticker@6a15b73')
25-Apr-2023 11:02:51.868 INFORMACIÓN [main] org.apache.catalina.core.ApplicationContext.log SessionListener: contextDestroyed()
25-Apr-2023 11:02:51.868 INFORMACIÓN [main] org.apache.catalina.core.ApplicationContext.log ContextListener: contextDestroyed()
25-Apr-2023 11:03:44.179 GRAVE [main] org.apache.catalina.core.ApplicationContext.log Servlet.init() para servlet [Jersey REST Service] lanzó excepción
	java.lang.UnsupportedClassVersionError: services/Servidor has been compiled by a more recent version of the Java Runtime (class file version 55.0), this version of the Java Runtime only recognizes class file versions up to 52.0 (no puedo cargar clase [services.Servidor])
		at org.apache.catalina.loader.WebappClassLoaderBase.findClassInternal(WebappClassLoaderBase.java:2475)
		at org.apache.catalina.loader.WebappClassLoaderBase.findClass(WebappClassLoaderBase.java:875)
		at org.apache.catalina.loader.WebappClassLoaderBase.loadClass(WebappClassLoaderBase.java:1376)
		at org.apache.catalina.loader.WebappClassLoaderBase.loadClass(WebappClassLoaderBase.java:1220)
		at java.lang.Class.forName0(Native Method)
		at java.lang.Class.forName(Class.java:348)
		at org.glassfish.jersey.internal.util.ReflectionHelper$7.run(ReflectionHelper.java:381)
		at org.glassfish.jersey.internal.util.ReflectionHelper$7.run(ReflectionHelper.java:376)
		at java.security.AccessController.doPrivileged(Native Method)
		at org.glassfish.jersey.server.internal.scanning.AnnotationAcceptingListener$AnnotatedClassVisitor.getClassForName(AnnotationAcceptingListener.java:292)
		at org.glassfish.jersey.server.internal.scanning.AnnotationAcceptingListener$AnnotatedClassVisitor.visitEnd(AnnotationAcceptingListener.java:209)
		at jersey.repackaged.org.objectweb.asm.ClassReader.accept(ClassReader.java:748)
		at jersey.repackaged.org.objectweb.asm.ClassReader.accept(ClassReader.java:424)
		at org.glassfish.jersey.server.internal.scanning.AnnotationAcceptingListener$ClassReaderWrapper.accept(AnnotationAcceptingListener.java:329)
		at org.glassfish.jersey.server.internal.scanning.AnnotationAcceptingListener$ClassReaderWrapper.access$200(AnnotationAcceptingListener.java:310)
		at org.glassfish.jersey.server.internal.scanning.AnnotationAcceptingListener.process(AnnotationAcceptingListener.java:151)
		at org.glassfish.jersey.server.ResourceConfig.scanClasses(ResourceConfig.java:920)
		at org.glassfish.jersey.server.ResourceConfig._getClasses(ResourceConfig.java:864)
		at org.glassfish.jersey.server.ResourceConfig.getClasses(ResourceConfig.java:773)
		at org.glassfish.jersey.server.ResourceConfig$RuntimeConfig.<init>(ResourceConfig.java:1216)
		at org.glassfish.jersey.server.ResourceConfig$RuntimeConfig.<init>(ResourceConfig.java:1187)
		at org.glassfish.jersey.server.ResourceConfig.createRuntimeConfig(ResourceConfig.java:1183)
		at org.glassfish.jersey.server.ApplicationHandler$RuntimeConfigConfigurator.init(ApplicationHandler.java:184)
		at org.glassfish.jersey.server.ApplicationHandler.lambda$initialize$0(ApplicationHandler.java:294)
		at java.util.Arrays$ArrayList.forEach(Arrays.java:3880)
		at org.glassfish.jersey.server.ApplicationHandler.initialize(ApplicationHandler.java:294)
		at org.glassfish.jersey.server.ApplicationHandler.<init>(ApplicationHandler.java:261)
		at org.glassfish.jersey.servlet.WebComponent.<init>(WebComponent.java:311)
		at org.glassfish.jersey.servlet.ServletContainer.init(ServletContainer.java:154)
		at org.glassfish.jersey.servlet.ServletContainer.init(ServletContainer.java:339)
		at javax.servlet.GenericServlet.init(GenericServlet.java:158)
		at org.apache.catalina.core.StandardWrapper.initServlet(StandardWrapper.java:1106)
		at org.apache.catalina.core.StandardWrapper.loadServlet(StandardWrapper.java:1063)
		at org.apache.catalina.core.StandardWrapper.load(StandardWrapper.java:960)
		at org.apache.catalina.core.StandardContext.loadOnStartup(StandardContext.java:4672)
		at org.apache.catalina.core.StandardContext.startInternal(StandardContext.java:4973)
		at org.apache.catalina.util.LifecycleBase.start(LifecycleBase.java:183)
		at org.apache.catalina.core.ContainerBase.addChildInternal(ContainerBase.java:683)
		at org.apache.catalina.core.ContainerBase.addChild(ContainerBase.java:658)
		at org.apache.catalina.core.StandardHost.addChild(StandardHost.java:662)
		at org.apache.catalina.startup.HostConfig.deployWAR(HostConfig.java:1023)
		at org.apache.catalina.startup.HostConfig$DeployWar.run(HostConfig.java:1910)
		at java.util.concurrent.Executors$RunnableAdapter.call(Executors.java:511)
		at java.util.concurrent.FutureTask.run(FutureTask.java:266)
		at org.apache.tomcat.util.threads.InlineExecutorService.execute(InlineExecutorService.java:75)
		at java.util.concurrent.AbstractExecutorService.submit(AbstractExecutorService.java:112)
		at org.apache.catalina.startup.HostConfig.deployWARs(HostConfig.java:824)
		at org.apache.catalina.startup.HostConfig.deployApps(HostConfig.java:474)
		at org.apache.catalina.startup.HostConfig.start(HostConfig.java:1617)
		at org.apache.catalina.startup.HostConfig.lifecycleEvent(HostConfig.java:318)
		at org.apache.catalina.util.LifecycleBase.fireLifecycleEvent(LifecycleBase.java:123)
		at org.apache.catalina.util.LifecycleBase.setStateInternal(LifecycleBase.java:423)
		at org.apache.catalina.util.LifecycleBase.setState(LifecycleBase.java:366)
		at org.apache.catalina.core.ContainerBase.startInternal(ContainerBase.java:898)
		at org.apache.catalina.core.StandardHost.startInternal(StandardHost.java:795)
		at org.apache.catalina.util.LifecycleBase.start(LifecycleBase.java:183)
		at org.apache.catalina.core.ContainerBase$StartChild.call(ContainerBase.java:1332)
		at org.apache.catalina.core.ContainerBase$StartChild.call(ContainerBase.java:1322)
		at java.util.concurrent.FutureTask.run(FutureTask.java:266)
		at org.apache.tomcat.util.threads.InlineExecutorService.execute(InlineExecutorService.java:75)
		at java.util.concurrent.AbstractExecutorService.submit(AbstractExecutorService.java:134)
		at org.apache.catalina.core.ContainerBase.startInternal(ContainerBase.java:871)
		at org.apache.catalina.core.StandardEngine.startInternal(StandardEngine.java:249)
		at org.apache.catalina.util.LifecycleBase.start(LifecycleBase.java:183)
		at org.apache.catalina.core.StandardService.startInternal(StandardService.java:428)
		at org.apache.catalina.util.LifecycleBase.start(LifecycleBase.java:183)
		at org.apache.catalina.core.StandardServer.startInternal(StandardServer.java:916)
		at org.apache.catalina.util.LifecycleBase.start(LifecycleBase.java:183)
		at org.apache.catalina.startup.Catalina.start(Catalina.java:772)
		at sun.reflect.NativeMethodAccessorImpl.invoke0(Native Method)
		at sun.reflect.NativeMethodAccessorImpl.invoke(NativeMethodAccessorImpl.java:62)
		at sun.reflect.DelegatingMethodAccessorImpl.invoke(DelegatingMethodAccessorImpl.java:43)
		at java.lang.reflect.Method.invoke(Method.java:498)
		at org.apache.catalina.startup.Bootstrap.start(Bootstrap.java:347)
		at org.apache.catalina.startup.Bootstrap.main(Bootstrap.java:478)
25-Apr-2023 11:03:44.179 GRAVE [main] org.apache.catalina.core.StandardContext.loadOnStartup Servlet [Jersey REST Service] in web application [/practicaObligatoria] threw load() exception
	java.lang.UnsupportedClassVersionError: services/Servidor has been compiled by a more recent version of the Java Runtime (class file version 55.0), this version of the Java Runtime only recognizes class file versions up to 52.0 (no puedo cargar clase [services.Servidor])
		at org.apache.catalina.loader.WebappClassLoaderBase.findClassInternal(WebappClassLoaderBase.java:2475)
		at org.apache.catalina.loader.WebappClassLoaderBase.findClass(WebappClassLoaderBase.java:875)
		at org.apache.catalina.loader.WebappClassLoaderBase.loadClass(WebappClassLoaderBase.java:1376)
		at org.apache.catalina.loader.WebappClassLoaderBase.loadClass(WebappClassLoaderBase.java:1220)
		at java.lang.Class.forName0(Native Method)
		at java.lang.Class.forName(Class.java:348)
		at org.glassfish.jersey.internal.util.ReflectionHelper$7.run(ReflectionHelper.java:381)
		at org.glassfish.jersey.internal.util.ReflectionHelper$7.run(ReflectionHelper.java:376)
		at java.security.AccessController.doPrivileged(Native Method)
		at org.glassfish.jersey.server.internal.scanning.AnnotationAcceptingListener$AnnotatedClassVisitor.getClassForName(AnnotationAcceptingListener.java:292)
		at org.glassfish.jersey.server.internal.scanning.AnnotationAcceptingListener$AnnotatedClassVisitor.visitEnd(AnnotationAcceptingListener.java:209)
		at jersey.repackaged.org.objectweb.asm.ClassReader.accept(ClassReader.java:748)
		at jersey.repackaged.org.objectweb.asm.ClassReader.accept(ClassReader.java:424)
		at org.glassfish.jersey.server.internal.scanning.AnnotationAcceptingListener$ClassReaderWrapper.accept(AnnotationAcceptingListener.java:329)
		at org.glassfish.jersey.server.internal.scanning.AnnotationAcceptingListener$ClassReaderWrapper.access$200(AnnotationAcceptingListener.java:310)
		at org.glassfish.jersey.server.internal.scanning.AnnotationAcceptingListener.process(AnnotationAcceptingListener.java:151)
		at org.glassfish.jersey.server.ResourceConfig.scanClasses(ResourceConfig.java:920)
		at org.glassfish.jersey.server.ResourceConfig._getClasses(ResourceConfig.java:864)
		at org.glassfish.jersey.server.ResourceConfig.getClasses(ResourceConfig.java:773)
		at org.glassfish.jersey.server.ResourceConfig$RuntimeConfig.<init>(ResourceConfig.java:1216)
		at org.glassfish.jersey.server.ResourceConfig$RuntimeConfig.<init>(ResourceConfig.java:1187)
		at org.glassfish.jersey.server.ResourceConfig.createRuntimeConfig(ResourceConfig.java:1183)
		at org.glassfish.jersey.server.ApplicationHandler$RuntimeConfigConfigurator.init(ApplicationHandler.java:184)
		at org.glassfish.jersey.server.ApplicationHandler.lambda$initialize$0(ApplicationHandler.java:294)
		at java.util.Arrays$ArrayList.forEach(Arrays.java:3880)
		at org.glassfish.jersey.server.ApplicationHandler.initialize(ApplicationHandler.java:294)
		at org.glassfish.jersey.server.ApplicationHandler.<init>(ApplicationHandler.java:261)
		at org.glassfish.jersey.servlet.WebComponent.<init>(WebComponent.java:311)
		at org.glassfish.jersey.servlet.ServletContainer.init(ServletContainer.java:154)
		at org.glassfish.jersey.servlet.ServletContainer.init(ServletContainer.java:339)
		at javax.servlet.GenericServlet.init(GenericServlet.java:158)
		at org.apache.catalina.core.StandardWrapper.initServlet(StandardWrapper.java:1106)
		at org.apache.catalina.core.StandardWrapper.loadServlet(StandardWrapper.java:1063)
		at org.apache.catalina.core.StandardWrapper.load(StandardWrapper.java:960)
		at org.apache.catalina.core.StandardContext.loadOnStartup(StandardContext.java:4672)
		at org.apache.catalina.core.StandardContext.startInternal(StandardContext.java:4973)
		at org.apache.catalina.util.LifecycleBase.start(LifecycleBase.java:183)
		at org.apache.catalina.core.ContainerBase.addChildInternal(ContainerBase.java:683)
		at org.apache.catalina.core.ContainerBase.addChild(ContainerBase.java:658)
		at org.apache.catalina.core.StandardHost.addChild(StandardHost.java:662)
		at org.apache.catalina.startup.HostConfig.deployWAR(HostConfig.java:1023)
		at org.apache.catalina.startup.HostConfig$DeployWar.run(HostConfig.java:1910)
		at java.util.concurrent.Executors$RunnableAdapter.call(Executors.java:511)
		at java.util.concurrent.FutureTask.run(FutureTask.java:266)
		at org.apache.tomcat.util.threads.InlineExecutorService.execute(InlineExecutorService.java:75)
		at java.util.concurrent.AbstractExecutorService.submit(AbstractExecutorService.java:112)
		at org.apache.catalina.startup.HostConfig.deployWARs(HostConfig.java:824)
		at org.apache.catalina.startup.HostConfig.deployApps(HostConfig.java:474)
		at org.apache.catalina.startup.HostConfig.start(HostConfig.java:1617)
		at org.apache.catalina.startup.HostConfig.lifecycleEvent(HostConfig.java:318)
		at org.apache.catalina.util.LifecycleBase.fireLifecycleEvent(LifecycleBase.java:123)
		at org.apache.catalina.util.LifecycleBase.setStateInternal(LifecycleBase.java:423)
		at org.apache.catalina.util.LifecycleBase.setState(LifecycleBase.java:366)
		at org.apache.catalina.core.ContainerBase.startInternal(ContainerBase.java:898)
		at org.apache.catalina.core.StandardHost.startInternal(StandardHost.java:795)
		at org.apache.catalina.util.LifecycleBase.start(LifecycleBase.java:183)
		at org.apache.catalina.core.ContainerBase$StartChild.call(ContainerBase.java:1332)
		at org.apache.catalina.core.ContainerBase$StartChild.call(ContainerBase.java:1322)
		at java.util.concurrent.FutureTask.run(FutureTask.java:266)
		at org.apache.tomcat.util.threads.InlineExecutorService.execute(InlineExecutorService.java:75)
		at java.util.concurrent.AbstractExecutorService.submit(AbstractExecutorService.java:134)
		at org.apache.catalina.core.ContainerBase.startInternal(ContainerBase.java:871)
		at org.apache.catalina.core.StandardEngine.startInternal(StandardEngine.java:249)
		at org.apache.catalina.util.LifecycleBase.start(LifecycleBase.java:183)
		at org.apache.catalina.core.StandardService.startInternal(StandardService.java:428)
		at org.apache.catalina.util.LifecycleBase.start(LifecycleBase.java:183)
		at org.apache.catalina.core.StandardServer.startInternal(StandardServer.java:916)
		at org.apache.catalina.util.LifecycleBase.start(LifecycleBase.java:183)
		at org.apache.catalina.startup.Catalina.start(Catalina.java:772)
		at sun.reflect.NativeMethodAccessorImpl.invoke0(Native Method)
		at sun.reflect.NativeMethodAccessorImpl.invoke(NativeMethodAccessorImpl.java:62)
		at sun.reflect.DelegatingMethodAccessorImpl.invoke(DelegatingMethodAccessorImpl.java:43)
		at java.lang.reflect.Method.invoke(Method.java:498)
		at org.apache.catalina.startup.Bootstrap.start(Bootstrap.java:347)
		at org.apache.catalina.startup.Bootstrap.main(Bootstrap.java:478)
25-Apr-2023 11:03:44.385 INFORMACIÓN [main] org.apache.catalina.core.ApplicationContext.log ContextListener: contextInitialized()
25-Apr-2023 11:03:44.385 INFORMACIÓN [main] org.apache.catalina.core.ApplicationContext.log SessionListener: contextInitialized()
25-Apr-2023 11:03:44.386 INFORMACIÓN [main] org.apache.catalina.core.ApplicationContext.log ContextListener: attributeAdded('StockTicker', 'async.Stockticker@6a15b73')
25-Apr-2023 11:06:25.495 INFORMACIÓN [main] org.apache.catalina.core.ApplicationContext.log SessionListener: contextDestroyed()
25-Apr-2023 11:06:25.495 INFORMACIÓN [main] org.apache.catalina.core.ApplicationContext.log ContextListener: contextDestroyed()
25-Apr-2023 11:10:20.270 GRAVE [main] org.apache.catalina.core.ApplicationContext.log Servlet.init() para servlet [Jersey REST Service] lanzó excepción
	java.lang.UnsupportedClassVersionError: services/Servidor has been compiled by a more recent version of the Java Runtime (class file version 55.0), this version of the Java Runtime only recognizes class file versions up to 52.0 (no puedo cargar clase [services.Servidor])
		at org.apache.catalina.loader.WebappClassLoaderBase.findClassInternal(WebappClassLoaderBase.java:2475)
		at org.apache.catalina.loader.WebappClassLoaderBase.findClass(WebappClassLoaderBase.java:875)
		at org.apache.catalina.loader.WebappClassLoaderBase.loadClass(WebappClassLoaderBase.java:1376)
		at org.apache.catalina.loader.WebappClassLoaderBase.loadClass(WebappClassLoaderBase.java:1220)
		at java.lang.Class.forName0(Native Method)
		at java.lang.Class.forName(Class.java:348)
		at org.glassfish.jersey.internal.util.ReflectionHelper$7.run(ReflectionHelper.java:381)
		at org.glassfish.jersey.internal.util.ReflectionHelper$7.run(ReflectionHelper.java:376)
		at java.security.AccessController.doPrivileged(Native Method)
		at org.glassfish.jersey.server.internal.scanning.AnnotationAcceptingListener$AnnotatedClassVisitor.getClassForName(AnnotationAcceptingListener.java:292)
		at org.glassfish.jersey.server.internal.scanning.AnnotationAcceptingListener$AnnotatedClassVisitor.visitEnd(AnnotationAcceptingListener.java:209)
		at jersey.repackaged.org.objectweb.asm.ClassReader.accept(ClassReader.java:748)
		at jersey.repackaged.org.objectweb.asm.ClassReader.accept(ClassReader.java:424)
		at org.glassfish.jersey.server.internal.scanning.AnnotationAcceptingListener$ClassReaderWrapper.accept(AnnotationAcceptingListener.java:329)
		at org.glassfish.jersey.server.internal.scanning.AnnotationAcceptingListener$ClassReaderWrapper.access$200(AnnotationAcceptingListener.java:310)
		at org.glassfish.jersey.server.internal.scanning.AnnotationAcceptingListener.process(AnnotationAcceptingListener.java:151)
		at org.glassfish.jersey.server.ResourceConfig.scanClasses(ResourceConfig.java:920)
		at org.glassfish.jersey.server.ResourceConfig._getClasses(ResourceConfig.java:864)
		at org.glassfish.jersey.server.ResourceConfig.getClasses(ResourceConfig.java:773)
		at org.glassfish.jersey.server.ResourceConfig$RuntimeConfig.<init>(ResourceConfig.java:1216)
		at org.glassfish.jersey.server.ResourceConfig$RuntimeConfig.<init>(ResourceConfig.java:1187)
		at org.glassfish.jersey.server.ResourceConfig.createRuntimeConfig(ResourceConfig.java:1183)
		at org.glassfish.jersey.server.ApplicationHandler$RuntimeConfigConfigurator.init(ApplicationHandler.java:184)
		at org.glassfish.jersey.server.ApplicationHandler.lambda$initialize$0(ApplicationHandler.java:294)
		at java.util.Arrays$ArrayList.forEach(Arrays.java:3880)
		at org.glassfish.jersey.server.ApplicationHandler.initialize(ApplicationHandler.java:294)
		at org.glassfish.jersey.server.ApplicationHandler.<init>(ApplicationHandler.java:261)
		at org.glassfish.jersey.servlet.WebComponent.<init>(WebComponent.java:311)
		at org.glassfish.jersey.servlet.ServletContainer.init(ServletContainer.java:154)
		at org.glassfish.jersey.servlet.ServletContainer.init(ServletContainer.java:339)
		at javax.servlet.GenericServlet.init(GenericServlet.java:158)
		at org.apache.catalina.core.StandardWrapper.initServlet(StandardWrapper.java:1106)
		at org.apache.catalina.core.StandardWrapper.loadServlet(StandardWrapper.java:1063)
		at org.apache.catalina.core.StandardWrapper.load(StandardWrapper.java:960)
		at org.apache.catalina.core.StandardContext.loadOnStartup(StandardContext.java:4672)
		at org.apache.catalina.core.StandardContext.startInternal(StandardContext.java:4973)
		at org.apache.catalina.util.LifecycleBase.start(LifecycleBase.java:183)
		at org.apache.catalina.core.ContainerBase.addChildInternal(ContainerBase.java:683)
		at org.apache.catalina.core.ContainerBase.addChild(ContainerBase.java:658)
		at org.apache.catalina.core.StandardHost.addChild(StandardHost.java:662)
		at org.apache.catalina.startup.HostConfig.deployWAR(HostConfig.java:1023)
		at org.apache.catalina.startup.HostConfig$DeployWar.run(HostConfig.java:1910)
		at java.util.concurrent.Executors$RunnableAdapter.call(Executors.java:511)
		at java.util.concurrent.FutureTask.run(FutureTask.java:266)
		at org.apache.tomcat.util.threads.InlineExecutorService.execute(InlineExecutorService.java:75)
		at java.util.concurrent.AbstractExecutorService.submit(AbstractExecutorService.java:112)
		at org.apache.catalina.startup.HostConfig.deployWARs(HostConfig.java:824)
		at org.apache.catalina.startup.HostConfig.deployApps(HostConfig.java:474)
		at org.apache.catalina.startup.HostConfig.start(HostConfig.java:1617)
		at org.apache.catalina.startup.HostConfig.lifecycleEvent(HostConfig.java:318)
		at org.apache.catalina.util.LifecycleBase.fireLifecycleEvent(LifecycleBase.java:123)
		at org.apache.catalina.util.LifecycleBase.setStateInternal(LifecycleBase.java:423)
		at org.apache.catalina.util.LifecycleBase.setState(LifecycleBase.java:366)
		at org.apache.catalina.core.ContainerBase.startInternal(ContainerBase.java:898)
		at org.apache.catalina.core.StandardHost.startInternal(StandardHost.java:795)
		at org.apache.catalina.util.LifecycleBase.start(LifecycleBase.java:183)
		at org.apache.catalina.core.ContainerBase$StartChild.call(ContainerBase.java:1332)
		at org.apache.catalina.core.ContainerBase$StartChild.call(ContainerBase.java:1322)
		at java.util.concurrent.FutureTask.run(FutureTask.java:266)
		at org.apache.tomcat.util.threads.InlineExecutorService.execute(InlineExecutorService.java:75)
		at java.util.concurrent.AbstractExecutorService.submit(AbstractExecutorService.java:134)
		at org.apache.catalina.core.ContainerBase.startInternal(ContainerBase.java:871)
		at org.apache.catalina.core.StandardEngine.startInternal(StandardEngine.java:249)
		at org.apache.catalina.util.LifecycleBase.start(LifecycleBase.java:183)
		at org.apache.catalina.core.StandardService.startInternal(StandardService.java:428)
		at org.apache.catalina.util.LifecycleBase.start(LifecycleBase.java:183)
		at org.apache.catalina.core.StandardServer.startInternal(StandardServer.java:916)
		at org.apache.catalina.util.LifecycleBase.start(LifecycleBase.java:183)
		at org.apache.catalina.startup.Catalina.start(Catalina.java:772)
		at sun.reflect.NativeMethodAccessorImpl.invoke0(Native Method)
		at sun.reflect.NativeMethodAccessorImpl.invoke(NativeMethodAccessorImpl.java:62)
		at sun.reflect.DelegatingMethodAccessorImpl.invoke(DelegatingMethodAccessorImpl.java:43)
		at java.lang.reflect.Method.invoke(Method.java:498)
		at org.apache.catalina.startup.Bootstrap.start(Bootstrap.java:347)
		at org.apache.catalina.startup.Bootstrap.main(Bootstrap.java:478)
25-Apr-2023 11:10:20.271 GRAVE [main] org.apache.catalina.core.StandardContext.loadOnStartup Servlet [Jersey REST Service] in web application [/practicaObligatoria] threw load() exception
	java.lang.UnsupportedClassVersionError: services/Servidor has been compiled by a more recent version of the Java Runtime (class file version 55.0), this version of the Java Runtime only recognizes class file versions up to 52.0 (no puedo cargar clase [services.Servidor])
		at org.apache.catalina.loader.WebappClassLoaderBase.findClassInternal(WebappClassLoaderBase.java:2475)
		at org.apache.catalina.loader.WebappClassLoaderBase.findClass(WebappClassLoaderBase.java:875)
		at org.apache.catalina.loader.WebappClassLoaderBase.loadClass(WebappClassLoaderBase.java:1376)
		at org.apache.catalina.loader.WebappClassLoaderBase.loadClass(WebappClassLoaderBase.java:1220)
		at java.lang.Class.forName0(Native Method)
		at java.lang.Class.forName(Class.java:348)
		at org.glassfish.jersey.internal.util.ReflectionHelper$7.run(ReflectionHelper.java:381)
		at org.glassfish.jersey.internal.util.ReflectionHelper$7.run(ReflectionHelper.java:376)
		at java.security.AccessController.doPrivileged(Native Method)
		at org.glassfish.jersey.server.internal.scanning.AnnotationAcceptingListener$AnnotatedClassVisitor.getClassForName(AnnotationAcceptingListener.java:292)
		at org.glassfish.jersey.server.internal.scanning.AnnotationAcceptingListener$AnnotatedClassVisitor.visitEnd(AnnotationAcceptingListener.java:209)
		at jersey.repackaged.org.objectweb.asm.ClassReader.accept(ClassReader.java:748)
		at jersey.repackaged.org.objectweb.asm.ClassReader.accept(ClassReader.java:424)
		at org.glassfish.jersey.server.internal.scanning.AnnotationAcceptingListener$ClassReaderWrapper.accept(AnnotationAcceptingListener.java:329)
		at org.glassfish.jersey.server.internal.scanning.AnnotationAcceptingListener$ClassReaderWrapper.access$200(AnnotationAcceptingListener.java:310)
		at org.glassfish.jersey.server.internal.scanning.AnnotationAcceptingListener.process(AnnotationAcceptingListener.java:151)
		at org.glassfish.jersey.server.ResourceConfig.scanClasses(ResourceConfig.java:920)
		at org.glassfish.jersey.server.ResourceConfig._getClasses(ResourceConfig.java:864)
		at org.glassfish.jersey.server.ResourceConfig.getClasses(ResourceConfig.java:773)
		at org.glassfish.jersey.server.ResourceConfig$RuntimeConfig.<init>(ResourceConfig.java:1216)
		at org.glassfish.jersey.server.ResourceConfig$RuntimeConfig.<init>(ResourceConfig.java:1187)
		at org.glassfish.jersey.server.ResourceConfig.createRuntimeConfig(ResourceConfig.java:1183)
		at org.glassfish.jersey.server.ApplicationHandler$RuntimeConfigConfigurator.init(ApplicationHandler.java:184)
		at org.glassfish.jersey.server.ApplicationHandler.lambda$initialize$0(ApplicationHandler.java:294)
		at java.util.Arrays$ArrayList.forEach(Arrays.java:3880)
		at org.glassfish.jersey.server.ApplicationHandler.initialize(ApplicationHandler.java:294)
		at org.glassfish.jersey.server.ApplicationHandler.<init>(ApplicationHandler.java:261)
		at org.glassfish.jersey.servlet.WebComponent.<init>(WebComponent.java:311)
		at org.glassfish.jersey.servlet.ServletContainer.init(ServletContainer.java:154)
		at org.glassfish.jersey.servlet.ServletContainer.init(ServletContainer.java:339)
		at javax.servlet.GenericServlet.init(GenericServlet.java:158)
		at org.apache.catalina.core.StandardWrapper.initServlet(StandardWrapper.java:1106)
		at org.apache.catalina.core.StandardWrapper.loadServlet(StandardWrapper.java:1063)
		at org.apache.catalina.core.StandardWrapper.load(StandardWrapper.java:960)
		at org.apache.catalina.core.StandardContext.loadOnStartup(StandardContext.java:4672)
		at org.apache.catalina.core.StandardContext.startInternal(StandardContext.java:4973)
		at org.apache.catalina.util.LifecycleBase.start(LifecycleBase.java:183)
		at org.apache.catalina.core.ContainerBase.addChildInternal(ContainerBase.java:683)
		at org.apache.catalina.core.ContainerBase.addChild(ContainerBase.java:658)
		at org.apache.catalina.core.StandardHost.addChild(StandardHost.java:662)
		at org.apache.catalina.startup.HostConfig.deployWAR(HostConfig.java:1023)
		at org.apache.catalina.startup.HostConfig$DeployWar.run(HostConfig.java:1910)
		at java.util.concurrent.Executors$RunnableAdapter.call(Executors.java:511)
		at java.util.concurrent.FutureTask.run(FutureTask.java:266)
		at org.apache.tomcat.util.threads.InlineExecutorService.execute(InlineExecutorService.java:75)
		at java.util.concurrent.AbstractExecutorService.submit(AbstractExecutorService.java:112)
		at org.apache.catalina.startup.HostConfig.deployWARs(HostConfig.java:824)
		at org.apache.catalina.startup.HostConfig.deployApps(HostConfig.java:474)
		at org.apache.catalina.startup.HostConfig.start(HostConfig.java:1617)
		at org.apache.catalina.startup.HostConfig.lifecycleEvent(HostConfig.java:318)
		at org.apache.catalina.util.LifecycleBase.fireLifecycleEvent(LifecycleBase.java:123)
		at org.apache.catalina.util.LifecycleBase.setStateInternal(LifecycleBase.java:423)
		at org.apache.catalina.util.LifecycleBase.setState(LifecycleBase.java:366)
		at org.apache.catalina.core.ContainerBase.startInternal(ContainerBase.java:898)
		at org.apache.catalina.core.StandardHost.startInternal(StandardHost.java:795)
		at org.apache.catalina.util.LifecycleBase.start(LifecycleBase.java:183)
		at org.apache.catalina.core.ContainerBase$StartChild.call(ContainerBase.java:1332)
		at org.apache.catalina.core.ContainerBase$StartChild.call(ContainerBase.java:1322)
		at java.util.concurrent.FutureTask.run(FutureTask.java:266)
		at org.apache.tomcat.util.threads.InlineExecutorService.execute(InlineExecutorService.java:75)
		at java.util.concurrent.AbstractExecutorService.submit(AbstractExecutorService.java:134)
		at org.apache.catalina.core.ContainerBase.startInternal(ContainerBase.java:871)
		at org.apache.catalina.core.StandardEngine.startInternal(StandardEngine.java:249)
		at org.apache.catalina.util.LifecycleBase.start(LifecycleBase.java:183)
		at org.apache.catalina.core.StandardService.startInternal(StandardService.java:428)
		at org.apache.catalina.util.LifecycleBase.start(LifecycleBase.java:183)
		at org.apache.catalina.core.StandardServer.startInternal(StandardServer.java:916)
		at org.apache.catalina.util.LifecycleBase.start(LifecycleBase.java:183)
		at org.apache.catalina.startup.Catalina.start(Catalina.java:772)
		at sun.reflect.NativeMethodAccessorImpl.invoke0(Native Method)
		at sun.reflect.NativeMethodAccessorImpl.invoke(NativeMethodAccessorImpl.java:62)
		at sun.reflect.DelegatingMethodAccessorImpl.invoke(DelegatingMethodAccessorImpl.java:43)
		at java.lang.reflect.Method.invoke(Method.java:498)
		at org.apache.catalina.startup.Bootstrap.start(Bootstrap.java:347)
		at org.apache.catalina.startup.Bootstrap.main(Bootstrap.java:478)
25-Apr-2023 11:10:20.466 INFORMACIÓN [main] org.apache.catalina.core.ApplicationContext.log ContextListener: contextInitialized()
25-Apr-2023 11:10:20.466 INFORMACIÓN [main] org.apache.catalina.core.ApplicationContext.log SessionListener: contextInitialized()
25-Apr-2023 11:10:20.467 INFORMACIÓN [main] org.apache.catalina.core.ApplicationContext.log ContextListener: attributeAdded('StockTicker', 'async.Stockticker@6a15b73')
25-Apr-2023 11:27:21.424 INFORMACIÓN [main] org.apache.catalina.core.ApplicationContext.log SessionListener: contextDestroyed()
25-Apr-2023 11:27:21.424 INFORMACIÓN [main] org.apache.catalina.core.ApplicationContext.log ContextListener: contextDestroyed()
25-Apr-2023 11:27:57.100 GRAVE [main] org.apache.catalina.core.ApplicationContext.log Servlet.init() para servlet [Jersey REST Service] lanzó excepción
	java.lang.UnsupportedClassVersionError: services/Servidor has been compiled by a more recent version of the Java Runtime (class file version 55.0), this version of the Java Runtime only recognizes class file versions up to 52.0 (no puedo cargar clase [services.Servidor])
		at org.apache.catalina.loader.WebappClassLoaderBase.findClassInternal(WebappClassLoaderBase.java:2475)
		at org.apache.catalina.loader.WebappClassLoaderBase.findClass(WebappClassLoaderBase.java:875)
		at org.apache.catalina.loader.WebappClassLoaderBase.loadClass(WebappClassLoaderBase.java:1376)
		at org.apache.catalina.loader.WebappClassLoaderBase.loadClass(WebappClassLoaderBase.java:1220)
		at java.lang.Class.forName0(Native Method)
		at java.lang.Class.forName(Class.java:348)
		at org.glassfish.jersey.internal.util.ReflectionHelper$7.run(ReflectionHelper.java:381)
		at org.glassfish.jersey.internal.util.ReflectionHelper$7.run(ReflectionHelper.java:376)
		at java.security.AccessController.doPrivileged(Native Method)
		at org.glassfish.jersey.server.internal.scanning.AnnotationAcceptingListener$AnnotatedClassVisitor.getClassForName(AnnotationAcceptingListener.java:292)
		at org.glassfish.jersey.server.internal.scanning.AnnotationAcceptingListener$AnnotatedClassVisitor.visitEnd(AnnotationAcceptingListener.java:209)
		at jersey.repackaged.org.objectweb.asm.ClassReader.accept(ClassReader.java:748)
		at jersey.repackaged.org.objectweb.asm.ClassReader.accept(ClassReader.java:424)
		at org.glassfish.jersey.server.internal.scanning.AnnotationAcceptingListener$ClassReaderWrapper.accept(AnnotationAcceptingListener.java:329)
		at org.glassfish.jersey.server.internal.scanning.AnnotationAcceptingListener$ClassReaderWrapper.access$200(AnnotationAcceptingListener.java:310)
		at org.glassfish.jersey.server.internal.scanning.AnnotationAcceptingListener.process(AnnotationAcceptingListener.java:151)
		at org.glassfish.jersey.server.ResourceConfig.scanClasses(ResourceConfig.java:920)
		at org.glassfish.jersey.server.ResourceConfig._getClasses(ResourceConfig.java:864)
		at org.glassfish.jersey.server.ResourceConfig.getClasses(ResourceConfig.java:773)
		at org.glassfish.jersey.server.ResourceConfig$RuntimeConfig.<init>(ResourceConfig.java:1216)
		at org.glassfish.jersey.server.ResourceConfig$RuntimeConfig.<init>(ResourceConfig.java:1187)
		at org.glassfish.jersey.server.ResourceConfig.createRuntimeConfig(ResourceConfig.java:1183)
		at org.glassfish.jersey.server.ApplicationHandler$RuntimeConfigConfigurator.init(ApplicationHandler.java:184)
		at org.glassfish.jersey.server.ApplicationHandler.lambda$initialize$0(ApplicationHandler.java:294)
		at java.util.Arrays$ArrayList.forEach(Arrays.java:3880)
		at org.glassfish.jersey.server.ApplicationHandler.initialize(ApplicationHandler.java:294)
		at org.glassfish.jersey.server.ApplicationHandler.<init>(ApplicationHandler.java:261)
		at org.glassfish.jersey.servlet.WebComponent.<init>(WebComponent.java:311)
		at org.glassfish.jersey.servlet.ServletContainer.init(ServletContainer.java:154)
		at org.glassfish.jersey.servlet.ServletContainer.init(ServletContainer.java:339)
		at javax.servlet.GenericServlet.init(GenericServlet.java:158)
		at org.apache.catalina.core.StandardWrapper.initServlet(StandardWrapper.java:1106)
		at org.apache.catalina.core.StandardWrapper.loadServlet(StandardWrapper.java:1063)
		at org.apache.catalina.core.StandardWrapper.load(StandardWrapper.java:960)
		at org.apache.catalina.core.StandardContext.loadOnStartup(StandardContext.java:4672)
		at org.apache.catalina.core.StandardContext.startInternal(StandardContext.java:4973)
		at org.apache.catalina.util.LifecycleBase.start(LifecycleBase.java:183)
		at org.apache.catalina.core.ContainerBase.addChildInternal(ContainerBase.java:683)
		at org.apache.catalina.core.ContainerBase.addChild(ContainerBase.java:658)
		at org.apache.catalina.core.StandardHost.addChild(StandardHost.java:662)
		at org.apache.catalina.startup.HostConfig.deployWAR(HostConfig.java:1023)
		at org.apache.catalina.startup.HostConfig$DeployWar.run(HostConfig.java:1910)
		at java.util.concurrent.Executors$RunnableAdapter.call(Executors.java:511)
		at java.util.concurrent.FutureTask.run(FutureTask.java:266)
		at org.apache.tomcat.util.threads.InlineExecutorService.execute(InlineExecutorService.java:75)
		at java.util.concurrent.AbstractExecutorService.submit(AbstractExecutorService.java:112)
		at org.apache.catalina.startup.HostConfig.deployWARs(HostConfig.java:824)
		at org.apache.catalina.startup.HostConfig.deployApps(HostConfig.java:474)
		at org.apache.catalina.startup.HostConfig.start(HostConfig.java:1617)
		at org.apache.catalina.startup.HostConfig.lifecycleEvent(HostConfig.java:318)
		at org.apache.catalina.util.LifecycleBase.fireLifecycleEvent(LifecycleBase.java:123)
		at org.apache.catalina.util.LifecycleBase.setStateInternal(LifecycleBase.java:423)
		at org.apache.catalina.util.LifecycleBase.setState(LifecycleBase.java:366)
		at org.apache.catalina.core.ContainerBase.startInternal(ContainerBase.java:898)
		at org.apache.catalina.core.StandardHost.startInternal(StandardHost.java:795)
		at org.apache.catalina.util.LifecycleBase.start(LifecycleBase.java:183)
		at org.apache.catalina.core.ContainerBase$StartChild.call(ContainerBase.java:1332)
		at org.apache.catalina.core.ContainerBase$StartChild.call(ContainerBase.java:1322)
		at java.util.concurrent.FutureTask.run(FutureTask.java:266)
		at org.apache.tomcat.util.threads.InlineExecutorService.execute(InlineExecutorService.java:75)
		at java.util.concurrent.AbstractExecutorService.submit(AbstractExecutorService.java:134)
		at org.apache.catalina.core.ContainerBase.startInternal(ContainerBase.java:871)
		at org.apache.catalina.core.StandardEngine.startInternal(StandardEngine.java:249)
		at org.apache.catalina.util.LifecycleBase.start(LifecycleBase.java:183)
		at org.apache.catalina.core.StandardService.startInternal(StandardService.java:428)
		at org.apache.catalina.util.LifecycleBase.start(LifecycleBase.java:183)
		at org.apache.catalina.core.StandardServer.startInternal(StandardServer.java:916)
		at org.apache.catalina.util.LifecycleBase.start(LifecycleBase.java:183)
		at org.apache.catalina.startup.Catalina.start(Catalina.java:772)
		at sun.reflect.NativeMethodAccessorImpl.invoke0(Native Method)
		at sun.reflect.NativeMethodAccessorImpl.invoke(NativeMethodAccessorImpl.java:62)
		at sun.reflect.DelegatingMethodAccessorImpl.invoke(DelegatingMethodAccessorImpl.java:43)
		at java.lang.reflect.Method.invoke(Method.java:498)
		at org.apache.catalina.startup.Bootstrap.start(Bootstrap.java:347)
		at org.apache.catalina.startup.Bootstrap.main(Bootstrap.java:478)
25-Apr-2023 11:27:57.100 GRAVE [main] org.apache.catalina.core.StandardContext.loadOnStartup Servlet [Jersey REST Service] in web application [/practicaObligatoria] threw load() exception
	java.lang.UnsupportedClassVersionError: services/Servidor has been compiled by a more recent version of the Java Runtime (class file version 55.0), this version of the Java Runtime only recognizes class file versions up to 52.0 (no puedo cargar clase [services.Servidor])
		at org.apache.catalina.loader.WebappClassLoaderBase.findClassInternal(WebappClassLoaderBase.java:2475)
		at org.apache.catalina.loader.WebappClassLoaderBase.findClass(WebappClassLoaderBase.java:875)
		at org.apache.catalina.loader.WebappClassLoaderBase.loadClass(WebappClassLoaderBase.java:1376)
		at org.apache.catalina.loader.WebappClassLoaderBase.loadClass(WebappClassLoaderBase.java:1220)
		at java.lang.Class.forName0(Native Method)
		at java.lang.Class.forName(Class.java:348)
		at org.glassfish.jersey.internal.util.ReflectionHelper$7.run(ReflectionHelper.java:381)
		at org.glassfish.jersey.internal.util.ReflectionHelper$7.run(ReflectionHelper.java:376)
		at java.security.AccessController.doPrivileged(Native Method)
		at org.glassfish.jersey.server.internal.scanning.AnnotationAcceptingListener$AnnotatedClassVisitor.getClassForName(AnnotationAcceptingListener.java:292)
		at org.glassfish.jersey.server.internal.scanning.AnnotationAcceptingListener$AnnotatedClassVisitor.visitEnd(AnnotationAcceptingListener.java:209)
		at jersey.repackaged.org.objectweb.asm.ClassReader.accept(ClassReader.java:748)
		at jersey.repackaged.org.objectweb.asm.ClassReader.accept(ClassReader.java:424)
		at org.glassfish.jersey.server.internal.scanning.AnnotationAcceptingListener$ClassReaderWrapper.accept(AnnotationAcceptingListener.java:329)
		at org.glassfish.jersey.server.internal.scanning.AnnotationAcceptingListener$ClassReaderWrapper.access$200(AnnotationAcceptingListener.java:310)
		at org.glassfish.jersey.server.internal.scanning.AnnotationAcceptingListener.process(AnnotationAcceptingListener.java:151)
		at org.glassfish.jersey.server.ResourceConfig.scanClasses(ResourceConfig.java:920)
		at org.glassfish.jersey.server.ResourceConfig._getClasses(ResourceConfig.java:864)
		at org.glassfish.jersey.server.ResourceConfig.getClasses(ResourceConfig.java:773)
		at org.glassfish.jersey.server.ResourceConfig$RuntimeConfig.<init>(ResourceConfig.java:1216)
		at org.glassfish.jersey.server.ResourceConfig$RuntimeConfig.<init>(ResourceConfig.java:1187)
		at org.glassfish.jersey.server.ResourceConfig.createRuntimeConfig(ResourceConfig.java:1183)
		at org.glassfish.jersey.server.ApplicationHandler$RuntimeConfigConfigurator.init(ApplicationHandler.java:184)
		at org.glassfish.jersey.server.ApplicationHandler.lambda$initialize$0(ApplicationHandler.java:294)
		at java.util.Arrays$ArrayList.forEach(Arrays.java:3880)
		at org.glassfish.jersey.server.ApplicationHandler.initialize(ApplicationHandler.java:294)
		at org.glassfish.jersey.server.ApplicationHandler.<init>(ApplicationHandler.java:261)
		at org.glassfish.jersey.servlet.WebComponent.<init>(WebComponent.java:311)
		at org.glassfish.jersey.servlet.ServletContainer.init(ServletContainer.java:154)
		at org.glassfish.jersey.servlet.ServletContainer.init(ServletContainer.java:339)
		at javax.servlet.GenericServlet.init(GenericServlet.java:158)
		at org.apache.catalina.core.StandardWrapper.initServlet(StandardWrapper.java:1106)
		at org.apache.catalina.core.StandardWrapper.loadServlet(StandardWrapper.java:1063)
		at org.apache.catalina.core.StandardWrapper.load(StandardWrapper.java:960)
		at org.apache.catalina.core.StandardContext.loadOnStartup(StandardContext.java:4672)
		at org.apache.catalina.core.StandardContext.startInternal(StandardContext.java:4973)
		at org.apache.catalina.util.LifecycleBase.start(LifecycleBase.java:183)
		at org.apache.catalina.core.ContainerBase.addChildInternal(ContainerBase.java:683)
		at org.apache.catalina.core.ContainerBase.addChild(ContainerBase.java:658)
		at org.apache.catalina.core.StandardHost.addChild(StandardHost.java:662)
		at org.apache.catalina.startup.HostConfig.deployWAR(HostConfig.java:1023)
		at org.apache.catalina.startup.HostConfig$DeployWar.run(HostConfig.java:1910)
		at java.util.concurrent.Executors$RunnableAdapter.call(Executors.java:511)
		at java.util.concurrent.FutureTask.run(FutureTask.java:266)
		at org.apache.tomcat.util.threads.InlineExecutorService.execute(InlineExecutorService.java:75)
		at java.util.concurrent.AbstractExecutorService.submit(AbstractExecutorService.java:112)
		at org.apache.catalina.startup.HostConfig.deployWARs(HostConfig.java:824)
		at org.apache.catalina.startup.HostConfig.deployApps(HostConfig.java:474)
		at org.apache.catalina.startup.HostConfig.start(HostConfig.java:1617)
		at org.apache.catalina.startup.HostConfig.lifecycleEvent(HostConfig.java:318)
		at org.apache.catalina.util.LifecycleBase.fireLifecycleEvent(LifecycleBase.java:123)
		at org.apache.catalina.util.LifecycleBase.setStateInternal(LifecycleBase.java:423)
		at org.apache.catalina.util.LifecycleBase.setState(LifecycleBase.java:366)
		at org.apache.catalina.core.ContainerBase.startInternal(ContainerBase.java:898)
		at org.apache.catalina.core.StandardHost.startInternal(StandardHost.java:795)
		at org.apache.catalina.util.LifecycleBase.start(LifecycleBase.java:183)
		at org.apache.catalina.core.ContainerBase$StartChild.call(ContainerBase.java:1332)
		at org.apache.catalina.core.ContainerBase$StartChild.call(ContainerBase.java:1322)
		at java.util.concurrent.FutureTask.run(FutureTask.java:266)
		at org.apache.tomcat.util.threads.InlineExecutorService.execute(InlineExecutorService.java:75)
		at java.util.concurrent.AbstractExecutorService.submit(AbstractExecutorService.java:134)
		at org.apache.catalina.core.ContainerBase.startInternal(ContainerBase.java:871)
		at org.apache.catalina.core.StandardEngine.startInternal(StandardEngine.java:249)
		at org.apache.catalina.util.LifecycleBase.start(LifecycleBase.java:183)
		at org.apache.catalina.core.StandardService.startInternal(StandardService.java:428)
		at org.apache.catalina.util.LifecycleBase.start(LifecycleBase.java:183)
		at org.apache.catalina.core.StandardServer.startInternal(StandardServer.java:916)
		at org.apache.catalina.util.LifecycleBase.start(LifecycleBase.java:183)
		at org.apache.catalina.startup.Catalina.start(Catalina.java:772)
		at sun.reflect.NativeMethodAccessorImpl.invoke0(Native Method)
		at sun.reflect.NativeMethodAccessorImpl.invoke(NativeMethodAccessorImpl.java:62)
		at sun.reflect.DelegatingMethodAccessorImpl.invoke(DelegatingMethodAccessorImpl.java:43)
		at java.lang.reflect.Method.invoke(Method.java:498)
		at org.apache.catalina.startup.Bootstrap.start(Bootstrap.java:347)
		at org.apache.catalina.startup.Bootstrap.main(Bootstrap.java:478)
25-Apr-2023 11:27:57.282 INFORMACIÓN [main] org.apache.catalina.core.ApplicationContext.log ContextListener: contextInitialized()
25-Apr-2023 11:27:57.282 INFORMACIÓN [main] org.apache.catalina.core.ApplicationContext.log SessionListener: contextInitialized()
25-Apr-2023 11:27:57.282 INFORMACIÓN [main] org.apache.catalina.core.ApplicationContext.log ContextListener: attributeAdded('StockTicker', 'async.Stockticker@6a15b73')
25-Apr-2023 11:31:36.612 INFORMACIÓN [main] org.apache.catalina.core.ApplicationContext.log SessionListener: contextDestroyed()
25-Apr-2023 11:31:36.612 INFORMACIÓN [main] org.apache.catalina.core.ApplicationContext.log ContextListener: contextDestroyed()
25-Apr-2023 11:33:32.524 GRAVE [main] org.apache.catalina.core.ApplicationContext.log Servlet.init() para servlet [Jersey REST Service] lanzó excepción
	java.lang.UnsupportedClassVersionError: services/Servidor has been compiled by a more recent version of the Java Runtime (class file version 55.0), this version of the Java Runtime only recognizes class file versions up to 52.0 (no puedo cargar clase [services.Servidor])
		at org.apache.catalina.loader.WebappClassLoaderBase.findClassInternal(WebappClassLoaderBase.java:2475)
		at org.apache.catalina.loader.WebappClassLoaderBase.findClass(WebappClassLoaderBase.java:875)
		at org.apache.catalina.loader.WebappClassLoaderBase.loadClass(WebappClassLoaderBase.java:1376)
		at org.apache.catalina.loader.WebappClassLoaderBase.loadClass(WebappClassLoaderBase.java:1220)
		at java.lang.Class.forName0(Native Method)
		at java.lang.Class.forName(Class.java:348)
		at org.glassfish.jersey.internal.util.ReflectionHelper$7.run(ReflectionHelper.java:381)
		at org.glassfish.jersey.internal.util.ReflectionHelper$7.run(ReflectionHelper.java:376)
		at java.security.AccessController.doPrivileged(Native Method)
		at org.glassfish.jersey.server.internal.scanning.AnnotationAcceptingListener$AnnotatedClassVisitor.getClassForName(AnnotationAcceptingListener.java:292)
		at org.glassfish.jersey.server.internal.scanning.AnnotationAcceptingListener$AnnotatedClassVisitor.visitEnd(AnnotationAcceptingListener.java:209)
		at jersey.repackaged.org.objectweb.asm.ClassReader.accept(ClassReader.java:748)
		at jersey.repackaged.org.objectweb.asm.ClassReader.accept(ClassReader.java:424)
		at org.glassfish.jersey.server.internal.scanning.AnnotationAcceptingListener$ClassReaderWrapper.accept(AnnotationAcceptingListener.java:329)
		at org.glassfish.jersey.server.internal.scanning.AnnotationAcceptingListener$ClassReaderWrapper.access$200(AnnotationAcceptingListener.java:310)
		at org.glassfish.jersey.server.internal.scanning.AnnotationAcceptingListener.process(AnnotationAcceptingListener.java:151)
		at org.glassfish.jersey.server.ResourceConfig.scanClasses(ResourceConfig.java:920)
		at org.glassfish.jersey.server.ResourceConfig._getClasses(ResourceConfig.java:864)
		at org.glassfish.jersey.server.ResourceConfig.getClasses(ResourceConfig.java:773)
		at org.glassfish.jersey.server.ResourceConfig$RuntimeConfig.<init>(ResourceConfig.java:1216)
		at org.glassfish.jersey.server.ResourceConfig$RuntimeConfig.<init>(ResourceConfig.java:1187)
		at org.glassfish.jersey.server.ResourceConfig.createRuntimeConfig(ResourceConfig.java:1183)
		at org.glassfish.jersey.server.ApplicationHandler$RuntimeConfigConfigurator.init(ApplicationHandler.java:184)
		at org.glassfish.jersey.server.ApplicationHandler.lambda$initialize$0(ApplicationHandler.java:294)
		at java.util.Arrays$ArrayList.forEach(Arrays.java:3880)
		at org.glassfish.jersey.server.ApplicationHandler.initialize(ApplicationHandler.java:294)
		at org.glassfish.jersey.server.ApplicationHandler.<init>(ApplicationHandler.java:261)
		at org.glassfish.jersey.servlet.WebComponent.<init>(WebComponent.java:311)
		at org.glassfish.jersey.servlet.ServletContainer.init(ServletContainer.java:154)
		at org.glassfish.jersey.servlet.ServletContainer.init(ServletContainer.java:339)
		at javax.servlet.GenericServlet.init(GenericServlet.java:158)
		at org.apache.catalina.core.StandardWrapper.initServlet(StandardWrapper.java:1106)
		at org.apache.catalina.core.StandardWrapper.loadServlet(StandardWrapper.java:1063)
		at org.apache.catalina.core.StandardWrapper.load(StandardWrapper.java:960)
		at org.apache.catalina.core.StandardContext.loadOnStartup(StandardContext.java:4672)
		at org.apache.catalina.core.StandardContext.startInternal(StandardContext.java:4973)
		at org.apache.catalina.util.LifecycleBase.start(LifecycleBase.java:183)
		at org.apache.catalina.core.ContainerBase.addChildInternal(ContainerBase.java:683)
		at org.apache.catalina.core.ContainerBase.addChild(ContainerBase.java:658)
		at org.apache.catalina.core.StandardHost.addChild(StandardHost.java:662)
		at org.apache.catalina.startup.HostConfig.deployWAR(HostConfig.java:1023)
		at org.apache.catalina.startup.HostConfig$DeployWar.run(HostConfig.java:1910)
		at java.util.concurrent.Executors$RunnableAdapter.call(Executors.java:511)
		at java.util.concurrent.FutureTask.run(FutureTask.java:266)
		at org.apache.tomcat.util.threads.InlineExecutorService.execute(InlineExecutorService.java:75)
		at java.util.concurrent.AbstractExecutorService.submit(AbstractExecutorService.java:112)
		at org.apache.catalina.startup.HostConfig.deployWARs(HostConfig.java:824)
		at org.apache.catalina.startup.HostConfig.deployApps(HostConfig.java:474)
		at org.apache.catalina.startup.HostConfig.start(HostConfig.java:1617)
		at org.apache.catalina.startup.HostConfig.lifecycleEvent(HostConfig.java:318)
		at org.apache.catalina.util.LifecycleBase.fireLifecycleEvent(LifecycleBase.java:123)
		at org.apache.catalina.util.LifecycleBase.setStateInternal(LifecycleBase.java:423)
		at org.apache.catalina.util.LifecycleBase.setState(LifecycleBase.java:366)
		at org.apache.catalina.core.ContainerBase.startInternal(ContainerBase.java:898)
		at org.apache.catalina.core.StandardHost.startInternal(StandardHost.java:795)
		at org.apache.catalina.util.LifecycleBase.start(LifecycleBase.java:183)
		at org.apache.catalina.core.ContainerBase$StartChild.call(ContainerBase.java:1332)
		at org.apache.catalina.core.ContainerBase$StartChild.call(ContainerBase.java:1322)
		at java.util.concurrent.FutureTask.run(FutureTask.java:266)
		at org.apache.tomcat.util.threads.InlineExecutorService.execute(InlineExecutorService.java:75)
		at java.util.concurrent.AbstractExecutorService.submit(AbstractExecutorService.java:134)
		at org.apache.catalina.core.ContainerBase.startInternal(ContainerBase.java:871)
		at org.apache.catalina.core.StandardEngine.startInternal(StandardEngine.java:249)
		at org.apache.catalina.util.LifecycleBase.start(LifecycleBase.java:183)
		at org.apache.catalina.core.StandardService.startInternal(StandardService.java:428)
		at org.apache.catalina.util.LifecycleBase.start(LifecycleBase.java:183)
		at org.apache.catalina.core.StandardServer.startInternal(StandardServer.java:916)
		at org.apache.catalina.util.LifecycleBase.start(LifecycleBase.java:183)
		at org.apache.catalina.startup.Catalina.start(Catalina.java:772)
		at sun.reflect.NativeMethodAccessorImpl.invoke0(Native Method)
		at sun.reflect.NativeMethodAccessorImpl.invoke(NativeMethodAccessorImpl.java:62)
		at sun.reflect.DelegatingMethodAccessorImpl.invoke(DelegatingMethodAccessorImpl.java:43)
		at java.lang.reflect.Method.invoke(Method.java:498)
		at org.apache.catalina.startup.Bootstrap.start(Bootstrap.java:347)
		at org.apache.catalina.startup.Bootstrap.main(Bootstrap.java:478)
25-Apr-2023 11:33:32.524 GRAVE [main] org.apache.catalina.core.StandardContext.loadOnStartup Servlet [Jersey REST Service] in web application [/practicaObligatoria] threw load() exception
	java.lang.UnsupportedClassVersionError: services/Servidor has been compiled by a more recent version of the Java Runtime (class file version 55.0), this version of the Java Runtime only recognizes class file versions up to 52.0 (no puedo cargar clase [services.Servidor])
		at org.apache.catalina.loader.WebappClassLoaderBase.findClassInternal(WebappClassLoaderBase.java:2475)
		at org.apache.catalina.loader.WebappClassLoaderBase.findClass(WebappClassLoaderBase.java:875)
		at org.apache.catalina.loader.WebappClassLoaderBase.loadClass(WebappClassLoaderBase.java:1376)
		at org.apache.catalina.loader.WebappClassLoaderBase.loadClass(WebappClassLoaderBase.java:1220)
		at java.lang.Class.forName0(Native Method)
		at java.lang.Class.forName(Class.java:348)
		at org.glassfish.jersey.internal.util.ReflectionHelper$7.run(ReflectionHelper.java:381)
		at org.glassfish.jersey.internal.util.ReflectionHelper$7.run(ReflectionHelper.java:376)
		at java.security.AccessController.doPrivileged(Native Method)
		at org.glassfish.jersey.server.internal.scanning.AnnotationAcceptingListener$AnnotatedClassVisitor.getClassForName(AnnotationAcceptingListener.java:292)
		at org.glassfish.jersey.server.internal.scanning.AnnotationAcceptingListener$AnnotatedClassVisitor.visitEnd(AnnotationAcceptingListener.java:209)
		at jersey.repackaged.org.objectweb.asm.ClassReader.accept(ClassReader.java:748)
		at jersey.repackaged.org.objectweb.asm.ClassReader.accept(ClassReader.java:424)
		at org.glassfish.jersey.server.internal.scanning.AnnotationAcceptingListener$ClassReaderWrapper.accept(AnnotationAcceptingListener.java:329)
		at org.glassfish.jersey.server.internal.scanning.AnnotationAcceptingListener$ClassReaderWrapper.access$200(AnnotationAcceptingListener.java:310)
		at org.glassfish.jersey.server.internal.scanning.AnnotationAcceptingListener.process(AnnotationAcceptingListener.java:151)
		at org.glassfish.jersey.server.ResourceConfig.scanClasses(ResourceConfig.java:920)
		at org.glassfish.jersey.server.ResourceConfig._getClasses(ResourceConfig.java:864)
		at org.glassfish.jersey.server.ResourceConfig.getClasses(ResourceConfig.java:773)
		at org.glassfish.jersey.server.ResourceConfig$RuntimeConfig.<init>(ResourceConfig.java:1216)
		at org.glassfish.jersey.server.ResourceConfig$RuntimeConfig.<init>(ResourceConfig.java:1187)
		at org.glassfish.jersey.server.ResourceConfig.createRuntimeConfig(ResourceConfig.java:1183)
		at org.glassfish.jersey.server.ApplicationHandler$RuntimeConfigConfigurator.init(ApplicationHandler.java:184)
		at org.glassfish.jersey.server.ApplicationHandler.lambda$initialize$0(ApplicationHandler.java:294)
		at java.util.Arrays$ArrayList.forEach(Arrays.java:3880)
		at org.glassfish.jersey.server.ApplicationHandler.initialize(ApplicationHandler.java:294)
		at org.glassfish.jersey.server.ApplicationHandler.<init>(ApplicationHandler.java:261)
		at org.glassfish.jersey.servlet.WebComponent.<init>(WebComponent.java:311)
		at org.glassfish.jersey.servlet.ServletContainer.init(ServletContainer.java:154)
		at org.glassfish.jersey.servlet.ServletContainer.init(ServletContainer.java:339)
		at javax.servlet.GenericServlet.init(GenericServlet.java:158)
		at org.apache.catalina.core.StandardWrapper.initServlet(StandardWrapper.java:1106)
		at org.apache.catalina.core.StandardWrapper.loadServlet(StandardWrapper.java:1063)
		at org.apache.catalina.core.StandardWrapper.load(StandardWrapper.java:960)
		at org.apache.catalina.core.StandardContext.loadOnStartup(StandardContext.java:4672)
		at org.apache.catalina.core.StandardContext.startInternal(StandardContext.java:4973)
		at org.apache.catalina.util.LifecycleBase.start(LifecycleBase.java:183)
		at org.apache.catalina.core.ContainerBase.addChildInternal(ContainerBase.java:683)
		at org.apache.catalina.core.ContainerBase.addChild(ContainerBase.java:658)
		at org.apache.catalina.core.StandardHost.addChild(StandardHost.java:662)
		at org.apache.catalina.startup.HostConfig.deployWAR(HostConfig.java:1023)
		at org.apache.catalina.startup.HostConfig$DeployWar.run(HostConfig.java:1910)
		at java.util.concurrent.Executors$RunnableAdapter.call(Executors.java:511)
		at java.util.concurrent.FutureTask.run(FutureTask.java:266)
		at org.apache.tomcat.util.threads.InlineExecutorService.execute(InlineExecutorService.java:75)
		at java.util.concurrent.AbstractExecutorService.submit(AbstractExecutorService.java:112)
		at org.apache.catalina.startup.HostConfig.deployWARs(HostConfig.java:824)
		at org.apache.catalina.startup.HostConfig.deployApps(HostConfig.java:474)
		at org.apache.catalina.startup.HostConfig.start(HostConfig.java:1617)
		at org.apache.catalina.startup.HostConfig.lifecycleEvent(HostConfig.java:318)
		at org.apache.catalina.util.LifecycleBase.fireLifecycleEvent(LifecycleBase.java:123)
		at org.apache.catalina.util.LifecycleBase.setStateInternal(LifecycleBase.java:423)
		at org.apache.catalina.util.LifecycleBase.setState(LifecycleBase.java:366)
		at org.apache.catalina.core.ContainerBase.startInternal(ContainerBase.java:898)
		at org.apache.catalina.core.StandardHost.startInternal(StandardHost.java:795)
		at org.apache.catalina.util.LifecycleBase.start(LifecycleBase.java:183)
		at org.apache.catalina.core.ContainerBase$StartChild.call(ContainerBase.java:1332)
		at org.apache.catalina.core.ContainerBase$StartChild.call(ContainerBase.java:1322)
		at java.util.concurrent.FutureTask.run(FutureTask.java:266)
		at org.apache.tomcat.util.threads.InlineExecutorService.execute(InlineExecutorService.java:75)
		at java.util.concurrent.AbstractExecutorService.submit(AbstractExecutorService.java:134)
		at org.apache.catalina.core.ContainerBase.startInternal(ContainerBase.java:871)
		at org.apache.catalina.core.StandardEngine.startInternal(StandardEngine.java:249)
		at org.apache.catalina.util.LifecycleBase.start(LifecycleBase.java:183)
		at org.apache.catalina.core.StandardService.startInternal(StandardService.java:428)
		at org.apache.catalina.util.LifecycleBase.start(LifecycleBase.java:183)
		at org.apache.catalina.core.StandardServer.startInternal(StandardServer.java:916)
		at org.apache.catalina.util.LifecycleBase.start(LifecycleBase.java:183)
		at org.apache.catalina.startup.Catalina.start(Catalina.java:772)
		at sun.reflect.NativeMethodAccessorImpl.invoke0(Native Method)
		at sun.reflect.NativeMethodAccessorImpl.invoke(NativeMethodAccessorImpl.java:62)
		at sun.reflect.DelegatingMethodAccessorImpl.invoke(DelegatingMethodAccessorImpl.java:43)
		at java.lang.reflect.Method.invoke(Method.java:498)
		at org.apache.catalina.startup.Bootstrap.start(Bootstrap.java:347)
		at org.apache.catalina.startup.Bootstrap.main(Bootstrap.java:478)
25-Apr-2023 11:33:32.753 INFORMACIÓN [main] org.apache.catalina.core.ApplicationContext.log ContextListener: contextInitialized()
25-Apr-2023 11:33:32.754 INFORMACIÓN [main] org.apache.catalina.core.ApplicationContext.log SessionListener: contextInitialized()
25-Apr-2023 11:33:32.754 INFORMACIÓN [main] org.apache.catalina.core.ApplicationContext.log ContextListener: attributeAdded('StockTicker', 'async.Stockticker@6a15b73')
25-Apr-2023 11:59:53.273 INFORMACIÓN [main] org.apache.catalina.core.ApplicationContext.log SessionListener: contextDestroyed()
25-Apr-2023 11:59:53.273 INFORMACIÓN [main] org.apache.catalina.core.ApplicationContext.log ContextListener: contextDestroyed()
25-Apr-2023 11:59:58.107 GRAVE [main] org.apache.catalina.core.ApplicationContext.log Servlet.init() para servlet [Jersey REST Service] lanzó excepción
	java.lang.UnsupportedClassVersionError: services/Servidor has been compiled by a more recent version of the Java Runtime (class file version 55.0), this version of the Java Runtime only recognizes class file versions up to 52.0 (no puedo cargar clase [services.Servidor])
		at org.apache.catalina.loader.WebappClassLoaderBase.findClassInternal(WebappClassLoaderBase.java:2475)
		at org.apache.catalina.loader.WebappClassLoaderBase.findClass(WebappClassLoaderBase.java:875)
		at org.apache.catalina.loader.WebappClassLoaderBase.loadClass(WebappClassLoaderBase.java:1376)
		at org.apache.catalina.loader.WebappClassLoaderBase.loadClass(WebappClassLoaderBase.java:1220)
		at java.lang.Class.forName0(Native Method)
		at java.lang.Class.forName(Class.java:348)
		at org.glassfish.jersey.internal.util.ReflectionHelper$7.run(ReflectionHelper.java:381)
		at org.glassfish.jersey.internal.util.ReflectionHelper$7.run(ReflectionHelper.java:376)
		at java.security.AccessController.doPrivileged(Native Method)
		at org.glassfish.jersey.server.internal.scanning.AnnotationAcceptingListener$AnnotatedClassVisitor.getClassForName(AnnotationAcceptingListener.java:292)
		at org.glassfish.jersey.server.internal.scanning.AnnotationAcceptingListener$AnnotatedClassVisitor.visitEnd(AnnotationAcceptingListener.java:209)
		at jersey.repackaged.org.objectweb.asm.ClassReader.accept(ClassReader.java:748)
		at jersey.repackaged.org.objectweb.asm.ClassReader.accept(ClassReader.java:424)
		at org.glassfish.jersey.server.internal.scanning.AnnotationAcceptingListener$ClassReaderWrapper.accept(AnnotationAcceptingListener.java:329)
		at org.glassfish.jersey.server.internal.scanning.AnnotationAcceptingListener$ClassReaderWrapper.access$200(AnnotationAcceptingListener.java:310)
		at org.glassfish.jersey.server.internal.scanning.AnnotationAcceptingListener.process(AnnotationAcceptingListener.java:151)
		at org.glassfish.jersey.server.ResourceConfig.scanClasses(ResourceConfig.java:920)
		at org.glassfish.jersey.server.ResourceConfig._getClasses(ResourceConfig.java:864)
		at org.glassfish.jersey.server.ResourceConfig.getClasses(ResourceConfig.java:773)
		at org.glassfish.jersey.server.ResourceConfig$RuntimeConfig.<init>(ResourceConfig.java:1216)
		at org.glassfish.jersey.server.ResourceConfig$RuntimeConfig.<init>(ResourceConfig.java:1187)
		at org.glassfish.jersey.server.ResourceConfig.createRuntimeConfig(ResourceConfig.java:1183)
		at org.glassfish.jersey.server.ApplicationHandler$RuntimeConfigConfigurator.init(ApplicationHandler.java:184)
		at org.glassfish.jersey.server.ApplicationHandler.lambda$initialize$0(ApplicationHandler.java:294)
		at java.util.Arrays$ArrayList.forEach(Arrays.java:3880)
		at org.glassfish.jersey.server.ApplicationHandler.initialize(ApplicationHandler.java:294)
		at org.glassfish.jersey.server.ApplicationHandler.<init>(ApplicationHandler.java:261)
		at org.glassfish.jersey.servlet.WebComponent.<init>(WebComponent.java:311)
		at org.glassfish.jersey.servlet.ServletContainer.init(ServletContainer.java:154)
		at org.glassfish.jersey.servlet.ServletContainer.init(ServletContainer.java:339)
		at javax.servlet.GenericServlet.init(GenericServlet.java:158)
		at org.apache.catalina.core.StandardWrapper.initServlet(StandardWrapper.java:1106)
		at org.apache.catalina.core.StandardWrapper.loadServlet(StandardWrapper.java:1063)
		at org.apache.catalina.core.StandardWrapper.load(StandardWrapper.java:960)
		at org.apache.catalina.core.StandardContext.loadOnStartup(StandardContext.java:4672)
		at org.apache.catalina.core.StandardContext.startInternal(StandardContext.java:4973)
		at org.apache.catalina.util.LifecycleBase.start(LifecycleBase.java:183)
		at org.apache.catalina.core.ContainerBase.addChildInternal(ContainerBase.java:683)
		at org.apache.catalina.core.ContainerBase.addChild(ContainerBase.java:658)
		at org.apache.catalina.core.StandardHost.addChild(StandardHost.java:662)
		at org.apache.catalina.startup.HostConfig.deployWAR(HostConfig.java:1023)
		at org.apache.catalina.startup.HostConfig$DeployWar.run(HostConfig.java:1910)
		at java.util.concurrent.Executors$RunnableAdapter.call(Executors.java:511)
		at java.util.concurrent.FutureTask.run(FutureTask.java:266)
		at org.apache.tomcat.util.threads.InlineExecutorService.execute(InlineExecutorService.java:75)
		at java.util.concurrent.AbstractExecutorService.submit(AbstractExecutorService.java:112)
		at org.apache.catalina.startup.HostConfig.deployWARs(HostConfig.java:824)
		at org.apache.catalina.startup.HostConfig.deployApps(HostConfig.java:474)
		at org.apache.catalina.startup.HostConfig.start(HostConfig.java:1617)
		at org.apache.catalina.startup.HostConfig.lifecycleEvent(HostConfig.java:318)
		at org.apache.catalina.util.LifecycleBase.fireLifecycleEvent(LifecycleBase.java:123)
		at org.apache.catalina.util.LifecycleBase.setStateInternal(LifecycleBase.java:423)
		at org.apache.catalina.util.LifecycleBase.setState(LifecycleBase.java:366)
		at org.apache.catalina.core.ContainerBase.startInternal(ContainerBase.java:898)
		at org.apache.catalina.core.StandardHost.startInternal(StandardHost.java:795)
		at org.apache.catalina.util.LifecycleBase.start(LifecycleBase.java:183)
		at org.apache.catalina.core.ContainerBase$StartChild.call(ContainerBase.java:1332)
		at org.apache.catalina.core.ContainerBase$StartChild.call(ContainerBase.java:1322)
		at java.util.concurrent.FutureTask.run(FutureTask.java:266)
		at org.apache.tomcat.util.threads.InlineExecutorService.execute(InlineExecutorService.java:75)
		at java.util.concurrent.AbstractExecutorService.submit(AbstractExecutorService.java:134)
		at org.apache.catalina.core.ContainerBase.startInternal(ContainerBase.java:871)
		at org.apache.catalina.core.StandardEngine.startInternal(StandardEngine.java:249)
		at org.apache.catalina.util.LifecycleBase.start(LifecycleBase.java:183)
		at org.apache.catalina.core.StandardService.startInternal(StandardService.java:428)
		at org.apache.catalina.util.LifecycleBase.start(LifecycleBase.java:183)
		at org.apache.catalina.core.StandardServer.startInternal(StandardServer.java:916)
		at org.apache.catalina.util.LifecycleBase.start(LifecycleBase.java:183)
		at org.apache.catalina.startup.Catalina.start(Catalina.java:772)
		at sun.reflect.NativeMethodAccessorImpl.invoke0(Native Method)
		at sun.reflect.NativeMethodAccessorImpl.invoke(NativeMethodAccessorImpl.java:62)
		at sun.reflect.DelegatingMethodAccessorImpl.invoke(DelegatingMethodAccessorImpl.java:43)
		at java.lang.reflect.Method.invoke(Method.java:498)
		at org.apache.catalina.startup.Bootstrap.start(Bootstrap.java:347)
		at org.apache.catalina.startup.Bootstrap.main(Bootstrap.java:478)
25-Apr-2023 11:59:58.107 GRAVE [main] org.apache.catalina.core.StandardContext.loadOnStartup Servlet [Jersey REST Service] in web application [/practicaObligatoria] threw load() exception
	java.lang.UnsupportedClassVersionError: services/Servidor has been compiled by a more recent version of the Java Runtime (class file version 55.0), this version of the Java Runtime only recognizes class file versions up to 52.0 (no puedo cargar clase [services.Servidor])
		at org.apache.catalina.loader.WebappClassLoaderBase.findClassInternal(WebappClassLoaderBase.java:2475)
		at org.apache.catalina.loader.WebappClassLoaderBase.findClass(WebappClassLoaderBase.java:875)
		at org.apache.catalina.loader.WebappClassLoaderBase.loadClass(WebappClassLoaderBase.java:1376)
		at org.apache.catalina.loader.WebappClassLoaderBase.loadClass(WebappClassLoaderBase.java:1220)
		at java.lang.Class.forName0(Native Method)
		at java.lang.Class.forName(Class.java:348)
		at org.glassfish.jersey.internal.util.ReflectionHelper$7.run(ReflectionHelper.java:381)
		at org.glassfish.jersey.internal.util.ReflectionHelper$7.run(ReflectionHelper.java:376)
		at java.security.AccessController.doPrivileged(Native Method)
		at org.glassfish.jersey.server.internal.scanning.AnnotationAcceptingListener$AnnotatedClassVisitor.getClassForName(AnnotationAcceptingListener.java:292)
		at org.glassfish.jersey.server.internal.scanning.AnnotationAcceptingListener$AnnotatedClassVisitor.visitEnd(AnnotationAcceptingListener.java:209)
		at jersey.repackaged.org.objectweb.asm.ClassReader.accept(ClassReader.java:748)
		at jersey.repackaged.org.objectweb.asm.ClassReader.accept(ClassReader.java:424)
		at org.glassfish.jersey.server.internal.scanning.AnnotationAcceptingListener$ClassReaderWrapper.accept(AnnotationAcceptingListener.java:329)
		at org.glassfish.jersey.server.internal.scanning.AnnotationAcceptingListener$ClassReaderWrapper.access$200(AnnotationAcceptingListener.java:310)
		at org.glassfish.jersey.server.internal.scanning.AnnotationAcceptingListener.process(AnnotationAcceptingListener.java:151)
		at org.glassfish.jersey.server.ResourceConfig.scanClasses(ResourceConfig.java:920)
		at org.glassfish.jersey.server.ResourceConfig._getClasses(ResourceConfig.java:864)
		at org.glassfish.jersey.server.ResourceConfig.getClasses(ResourceConfig.java:773)
		at org.glassfish.jersey.server.ResourceConfig$RuntimeConfig.<init>(ResourceConfig.java:1216)
		at org.glassfish.jersey.server.ResourceConfig$RuntimeConfig.<init>(ResourceConfig.java:1187)
		at org.glassfish.jersey.server.ResourceConfig.createRuntimeConfig(ResourceConfig.java:1183)
		at org.glassfish.jersey.server.ApplicationHandler$RuntimeConfigConfigurator.init(ApplicationHandler.java:184)
		at org.glassfish.jersey.server.ApplicationHandler.lambda$initialize$0(ApplicationHandler.java:294)
		at java.util.Arrays$ArrayList.forEach(Arrays.java:3880)
		at org.glassfish.jersey.server.ApplicationHandler.initialize(ApplicationHandler.java:294)
		at org.glassfish.jersey.server.ApplicationHandler.<init>(ApplicationHandler.java:261)
		at org.glassfish.jersey.servlet.WebComponent.<init>(WebComponent.java:311)
		at org.glassfish.jersey.servlet.ServletContainer.init(ServletContainer.java:154)
		at org.glassfish.jersey.servlet.ServletContainer.init(ServletContainer.java:339)
		at javax.servlet.GenericServlet.init(GenericServlet.java:158)
		at org.apache.catalina.core.StandardWrapper.initServlet(StandardWrapper.java:1106)
		at org.apache.catalina.core.StandardWrapper.loadServlet(StandardWrapper.java:1063)
		at org.apache.catalina.core.StandardWrapper.load(StandardWrapper.java:960)
		at org.apache.catalina.core.StandardContext.loadOnStartup(StandardContext.java:4672)
		at org.apache.catalina.core.StandardContext.startInternal(StandardContext.java:4973)
		at org.apache.catalina.util.LifecycleBase.start(LifecycleBase.java:183)
		at org.apache.catalina.core.ContainerBase.addChildInternal(ContainerBase.java:683)
		at org.apache.catalina.core.ContainerBase.addChild(ContainerBase.java:658)
		at org.apache.catalina.core.StandardHost.addChild(StandardHost.java:662)
		at org.apache.catalina.startup.HostConfig.deployWAR(HostConfig.java:1023)
		at org.apache.catalina.startup.HostConfig$DeployWar.run(HostConfig.java:1910)
		at java.util.concurrent.Executors$RunnableAdapter.call(Executors.java:511)
		at java.util.concurrent.FutureTask.run(FutureTask.java:266)
		at org.apache.tomcat.util.threads.InlineExecutorService.execute(InlineExecutorService.java:75)
		at java.util.concurrent.AbstractExecutorService.submit(AbstractExecutorService.java:112)
		at org.apache.catalina.startup.HostConfig.deployWARs(HostConfig.java:824)
		at org.apache.catalina.startup.HostConfig.deployApps(HostConfig.java:474)
		at org.apache.catalina.startup.HostConfig.start(HostConfig.java:1617)
		at org.apache.catalina.startup.HostConfig.lifecycleEvent(HostConfig.java:318)
		at org.apache.catalina.util.LifecycleBase.fireLifecycleEvent(LifecycleBase.java:123)
		at org.apache.catalina.util.LifecycleBase.setStateInternal(LifecycleBase.java:423)
		at org.apache.catalina.util.LifecycleBase.setState(LifecycleBase.java:366)
		at org.apache.catalina.core.ContainerBase.startInternal(ContainerBase.java:898)
		at org.apache.catalina.core.StandardHost.startInternal(StandardHost.java:795)
		at org.apache.catalina.util.LifecycleBase.start(LifecycleBase.java:183)
		at org.apache.catalina.core.ContainerBase$StartChild.call(ContainerBase.java:1332)
		at org.apache.catalina.core.ContainerBase$StartChild.call(ContainerBase.java:1322)
		at java.util.concurrent.FutureTask.run(FutureTask.java:266)
		at org.apache.tomcat.util.threads.InlineExecutorService.execute(InlineExecutorService.java:75)
		at java.util.concurrent.AbstractExecutorService.submit(AbstractExecutorService.java:134)
		at org.apache.catalina.core.ContainerBase.startInternal(ContainerBase.java:871)
		at org.apache.catalina.core.StandardEngine.startInternal(StandardEngine.java:249)
		at org.apache.catalina.util.LifecycleBase.start(LifecycleBase.java:183)
		at org.apache.catalina.core.StandardService.startInternal(StandardService.java:428)
		at org.apache.catalina.util.LifecycleBase.start(LifecycleBase.java:183)
		at org.apache.catalina.core.StandardServer.startInternal(StandardServer.java:916)
		at org.apache.catalina.util.LifecycleBase.start(LifecycleBase.java:183)
		at org.apache.catalina.startup.Catalina.start(Catalina.java:772)
		at sun.reflect.NativeMethodAccessorImpl.invoke0(Native Method)
		at sun.reflect.NativeMethodAccessorImpl.invoke(NativeMethodAccessorImpl.java:62)
		at sun.reflect.DelegatingMethodAccessorImpl.invoke(DelegatingMethodAccessorImpl.java:43)
		at java.lang.reflect.Method.invoke(Method.java:498)
		at org.apache.catalina.startup.Bootstrap.start(Bootstrap.java:347)
		at org.apache.catalina.startup.Bootstrap.main(Bootstrap.java:478)
25-Apr-2023 11:59:58.326 INFORMACIÓN [main] org.apache.catalina.core.ApplicationContext.log ContextListener: contextInitialized()
25-Apr-2023 11:59:58.326 INFORMACIÓN [main] org.apache.catalina.core.ApplicationContext.log SessionListener: contextInitialized()
25-Apr-2023 11:59:58.327 INFORMACIÓN [main] org.apache.catalina.core.ApplicationContext.log ContextListener: attributeAdded('StockTicker', 'async.Stockticker@6a15b73')
25-Apr-2023 12:03:39.125 INFORMACIÓN [main] org.apache.catalina.core.ApplicationContext.log SessionListener: contextDestroyed()
25-Apr-2023 12:03:39.125 INFORMACIÓN [main] org.apache.catalina.core.ApplicationContext.log ContextListener: contextDestroyed()
25-Apr-2023 12:03:48.733 INFORMACIÓN [main] org.apache.catalina.core.ApplicationContext.log ContextListener: contextInitialized()
25-Apr-2023 12:03:48.733 INFORMACIÓN [main] org.apache.catalina.core.ApplicationContext.log SessionListener: contextInitialized()
25-Apr-2023 12:03:48.734 INFORMACIÓN [main] org.apache.catalina.core.ApplicationContext.log ContextListener: attributeAdded('StockTicker', 'async.Stockticker@4584304')
25-Apr-2023 12:09:01.648 INFORMACIÓN [main] org.apache.catalina.core.ApplicationContext.log SessionListener: contextDestroyed()
25-Apr-2023 12:09:01.648 INFORMACIÓN [main] org.apache.catalina.core.ApplicationContext.log ContextListener: contextDestroyed()
25-Apr-2023 12:12:12.917 INFORMACIÓN [main] org.apache.catalina.core.ApplicationContext.log ContextListener: contextInitialized()
25-Apr-2023 12:12:12.917 INFORMACIÓN [main] org.apache.catalina.core.ApplicationContext.log SessionListener: contextInitialized()
25-Apr-2023 12:12:12.918 INFORMACIÓN [main] org.apache.catalina.core.ApplicationContext.log ContextListener: attributeAdded('StockTicker', 'async.Stockticker@4584304')
25-Apr-2023 12:13:39.363 INFORMACIÓN [main] org.apache.catalina.core.ApplicationContext.log SessionListener: contextDestroyed()
25-Apr-2023 12:13:39.363 INFORMACIÓN [main] org.apache.catalina.core.ApplicationContext.log ContextListener: contextDestroyed()
25-Apr-2023 12:14:34.836 INFORMACIÓN [main] org.apache.catalina.core.ApplicationContext.log ContextListener: contextInitialized()
25-Apr-2023 12:14:34.836 INFORMACIÓN [main] org.apache.catalina.core.ApplicationContext.log SessionListener: contextInitialized()
25-Apr-2023 12:14:34.837 INFORMACIÓN [main] org.apache.catalina.core.ApplicationContext.log ContextListener: attributeAdded('StockTicker', 'async.Stockticker@4584304')
25-Apr-2023 12:16:55.596 INFORMACIÓN [main] org.apache.catalina.core.ApplicationContext.log SessionListener: contextDestroyed()
25-Apr-2023 12:16:55.596 INFORMACIÓN [main] org.apache.catalina.core.ApplicationContext.log ContextListener: contextDestroyed()
25-Apr-2023 12:22:56.927 INFORMACIÓN [main] org.apache.catalina.core.ApplicationContext.log ContextListener: contextInitialized()
25-Apr-2023 12:22:56.927 INFORMACIÓN [main] org.apache.catalina.core.ApplicationContext.log SessionListener: contextInitialized()
25-Apr-2023 12:22:56.928 INFORMACIÓN [main] org.apache.catalina.core.ApplicationContext.log ContextListener: attributeAdded('StockTicker', 'async.Stockticker@4584304')
25-Apr-2023 12:25:15.922 INFORMACIÓN [main] org.apache.catalina.core.ApplicationContext.log SessionListener: contextDestroyed()
25-Apr-2023 12:25:15.922 INFORMACIÓN [main] org.apache.catalina.core.ApplicationContext.log ContextListener: contextDestroyed()
25-Apr-2023 12:25:25.654 INFORMACIÓN [main] org.apache.catalina.core.ApplicationContext.log ContextListener: contextInitialized()
25-Apr-2023 12:25:25.654 INFORMACIÓN [main] org.apache.catalina.core.ApplicationContext.log SessionListener: contextInitialized()
25-Apr-2023 12:25:25.655 INFORMACIÓN [main] org.apache.catalina.core.ApplicationContext.log ContextListener: attributeAdded('StockTicker', 'async.Stockticker@4584304')
25-Apr-2023 12:28:37.542 INFORMACIÓN [main] org.apache.catalina.core.ApplicationContext.log SessionListener: contextDestroyed()
25-Apr-2023 12:28:37.542 INFORMACIÓN [main] org.apache.catalina.core.ApplicationContext.log ContextListener: contextDestroyed()
25-Apr-2023 12:30:02.186 INFORMACIÓN [main] org.apache.catalina.core.ApplicationContext.log ContextListener: contextInitialized()
25-Apr-2023 12:30:02.186 INFORMACIÓN [main] org.apache.catalina.core.ApplicationContext.log SessionListener: contextInitialized()
25-Apr-2023 12:30:02.186 INFORMACIÓN [main] org.apache.catalina.core.ApplicationContext.log ContextListener: attributeAdded('StockTicker', 'async.Stockticker@4584304')
25-Apr-2023 13:04:43.363 INFORMACIÓN [main] org.apache.catalina.core.ApplicationContext.log SessionListener: contextDestroyed()
25-Apr-2023 13:04:43.363 INFORMACIÓN [main] org.apache.catalina.core.ApplicationContext.log ContextListener: contextDestroyed()
25-Apr-2023 13:06:14.811 INFORMACIÓN [main] org.apache.catalina.core.ApplicationContext.log ContextListener: contextInitialized()
25-Apr-2023 13:06:14.811 INFORMACIÓN [main] org.apache.catalina.core.ApplicationContext.log SessionListener: contextInitialized()
25-Apr-2023 13:06:14.812 INFORMACIÓN [main] org.apache.catalina.core.ApplicationContext.log ContextListener: attributeAdded('StockTicker', 'async.Stockticker@4584304')
