27-Apr-2023 10:03:49.911 INFORMACIÓN [main] org.apache.catalina.core.ApplicationContext.log ContextListener: contextInitialized()
27-Apr-2023 10:03:49.911 INFORMACIÓN [main] org.apache.catalina.core.ApplicationContext.log SessionListener: contextInitialized()
27-Apr-2023 10:03:49.913 INFORMACIÓN [main] org.apache.catalina.core.ApplicationContext.log ContextListener: attributeAdded('StockTicker', 'async.Stockticker@4cc12db2')
27-Apr-2023 10:04:38.592 INFORMACIÓN [main] org.apache.catalina.core.ApplicationContext.log SessionListener: contextDestroyed()
27-Apr-2023 10:04:38.592 INFORMACIÓN [main] org.apache.catalina.core.ApplicationContext.log ContextListener: contextDestroyed()
27-Apr-2023 10:06:31.918 INFORMACIÓN [main] org.apache.catalina.core.ApplicationContext.log ContextListener: contextInitialized()
27-Apr-2023 10:06:31.918 INFORMACIÓN [main] org.apache.catalina.core.ApplicationContext.log SessionListener: contextInitialized()
27-Apr-2023 10:06:31.919 INFORMACIÓN [main] org.apache.catalina.core.ApplicationContext.log ContextListener: attributeAdded('StockTicker', 'async.Stockticker@4cc12db2')
27-Apr-2023 10:07:08.844 INFORMACIÓN [main] org.apache.catalina.core.ApplicationContext.log SessionListener: contextDestroyed()
27-Apr-2023 10:07:08.845 INFORMACIÓN [main] org.apache.catalina.core.ApplicationContext.log ContextListener: contextDestroyed()
27-Apr-2023 10:09:43.760 INFORMACIÓN [main] org.apache.catalina.core.ApplicationContext.log ContextListener: contextInitialized()
27-Apr-2023 10:09:43.762 INFORMACIÓN [main] org.apache.catalina.core.ApplicationContext.log SessionListener: contextInitialized()
27-Apr-2023 10:09:43.763 INFORMACIÓN [main] org.apache.catalina.core.ApplicationContext.log ContextListener: attributeAdded('StockTicker', 'async.Stockticker@4cc12db2')
27-Apr-2023 10:10:09.568 INFORMACIÓN [main] org.apache.catalina.core.ApplicationContext.log SessionListener: contextDestroyed()
27-Apr-2023 10:10:09.568 INFORMACIÓN [main] org.apache.catalina.core.ApplicationContext.log ContextListener: contextDestroyed()
27-Apr-2023 10:33:09.292 INFORMACIÓN [main] org.apache.catalina.core.ApplicationContext.log ContextListener: contextInitialized()
27-Apr-2023 10:33:09.292 INFORMACIÓN [main] org.apache.catalina.core.ApplicationContext.log SessionListener: contextInitialized()
27-Apr-2023 10:33:09.293 INFORMACIÓN [main] org.apache.catalina.core.ApplicationContext.log ContextListener: attributeAdded('StockTicker', 'async.Stockticker@497ed877')
27-Apr-2023 10:33:52.520 INFORMACIÓN [Thread-2] org.apache.catalina.core.ApplicationContext.log SessionListener: contextDestroyed()
27-Apr-2023 10:33:52.520 INFORMACIÓN [Thread-2] org.apache.catalina.core.ApplicationContext.log ContextListener: contextDestroyed()
27-Apr-2023 10:54:46.418 INFORMACIÓN [main] org.apache.catalina.core.ApplicationContext.log ContextListener: contextInitialized()
27-Apr-2023 10:54:46.418 INFORMACIÓN [main] org.apache.catalina.core.ApplicationContext.log SessionListener: contextInitialized()
27-Apr-2023 10:54:46.420 INFORMACIÓN [main] org.apache.catalina.core.ApplicationContext.log ContextListener: attributeAdded('StockTicker', 'async.Stockticker@4cc12db2')
27-Apr-2023 10:56:10.232 INFORMACIÓN [main] org.apache.catalina.core.ApplicationContext.log SessionListener: contextDestroyed()
27-Apr-2023 10:56:10.232 INFORMACIÓN [main] org.apache.catalina.core.ApplicationContext.log ContextListener: contextDestroyed()
27-Apr-2023 11:02:36.989 INFORMACIÓN [main] org.apache.catalina.core.ApplicationContext.log ContextListener: contextInitialized()
27-Apr-2023 11:02:36.989 INFORMACIÓN [main] org.apache.catalina.core.ApplicationContext.log SessionListener: contextInitialized()
27-Apr-2023 11:02:36.991 INFORMACIÓN [main] org.apache.catalina.core.ApplicationContext.log ContextListener: attributeAdded('StockTicker', 'async.Stockticker@4cc12db2')
27-Apr-2023 11:03:40.849 INFORMACIÓN [main] org.apache.catalina.core.ApplicationContext.log SessionListener: contextDestroyed()
27-Apr-2023 11:03:40.849 INFORMACIÓN [main] org.apache.catalina.core.ApplicationContext.log ContextListener: contextDestroyed()
